#
# There is insufficient memory for the Java Runtime Environment to continue.
# Native memory allocation (mmap) failed to map 16781312 bytes for committing reserved memory.
# Possible reasons:
#   The system is out of physical RAM or swap space
#   The process is running with CompressedOops enabled, and the Java Heap may be blocking the growth of the native heap
# Possible solutions:
#   Reduce memory load on the system
#   Increase physical memory or swap space
#   Check if swap backing store is full
#   Decrease Java heap size (-Xmx/-Xms)
#   Decrease number of Java threads
#   Decrease Java thread stack sizes (-Xss)
#   Set larger code cache with -XX:ReservedCodeCacheSize=
#   JVM is running with Unscaled Compressed Oops mode in which the Java heap is
#     placed in the first 4GB address space. The Java Heap base address is the
#     maximum limit for the native heap growth. Please use -XX:HeapBaseMinAddress
#     to set the Java Heap base and to place the Java Heap above 4GB virtual address.
# This output file may be truncated or incomplete.
#
#  Out of Memory Error (os_linux.cpp:2757), pid=11913, tid=0x00007f07dff18700
#
# JRE version: OpenJDK Runtime Environment (8.0_222-b10) (build 1.8.0_222-8u222-b10-1ubuntu1~16.04.1-b10)
# Java VM: OpenJDK 64-Bit Server VM (25.222-b10 mixed mode linux-amd64 compressed oops)
# Failed to write core dump. Core dumps have been disabled. To enable core dumping, try "ulimit -c unlimited" before starting Java again
#

---------------  T H R E A D  ---------------

Current thread (0x00007f07f0075800):  VMThread [stack: 0x00007f07dfe18000,0x00007f07dff19000] [id=11927]

Stack: [0x00007f07dfe18000,0x00007f07dff19000],  sp=0x00007f07dff17090,  free space=1020k
Native frames: (J=compiled Java code, j=interpreted, Vv=VM code, C=native code)
V  [libjvm.so+0xa7787b]
V  [libjvm.so+0x4caa8c]
V  [libjvm.so+0x8c5da8]
V  [libjvm.so+0x8bd3ee]
V  [libjvm.so+0xa73fd4]
V  [libjvm.so+0x5cf9dd]
V  [libjvm.so+0x5d093c]
V  [libjvm.so+0x5bd766]
V  [libjvm.so+0x4d27bc]
V  [libjvm.so+0x61c93f]
V  [libjvm.so+0x999c33]
V  [libjvm.so+0x4cf532]
V  [libjvm.so+0x5bbdf0]
V  [libjvm.so+0x4d10f8]
V  [libjvm.so+0x5bcd78]
V  [libjvm.so+0x45135f]
V  [libjvm.so+0xa78991]
V  [libjvm.so+0xa7e587]
V  [libjvm.so+0xa7bde7]
V  [libjvm.so+0xa7d0cf]
V  [libjvm.so+0xa7d5f2]
V  [libjvm.so+0x8c3102]

VM_Operation (0x00007f07bbc946b0): GenCollectForAllocation, mode: safepoint, requested by thread 0x00007f07cca00800


---------------  P R O C E S S  ---------------

Java Threads: ( => current thread )
  0x00007f07d0019000 JavaThread "Executor task launch worker for task 28" daemon [_thread_blocked, id=12379, stack(0x00007f07ba52c000,0x00007f07ba62d000)]
  0x00007f07c05a4800 JavaThread "Thread-18" [_thread_in_native, id=12201, stack(0x00007f07b8623000,0x00007f07b8724000)]
  0x00007f07d0015000 JavaThread "task-result-getter-3" daemon [_thread_blocked, id=11988, stack(0x00007f07b8a25000,0x00007f07b8b26000)]
  0x00007f07c404d800 JavaThread "stderr reader for /usr/bin/python3" daemon [_thread_blocked, id=11984, stack(0x00007f07b8b26000,0x00007f07b8c27000)]
  0x00007f07c405f000 JavaThread "stdout reader for /usr/bin/python3" daemon [_thread_blocked, id=11983, stack(0x00007f07b8c27000,0x00007f07b8d28000)]
  0x00007f07c404b000 JavaThread "Idle Worker Monitor for /usr/bin/python3" daemon [_thread_blocked, id=11981, stack(0x00007f07b8d28000,0x00007f07b8e29000)]
  0x00007f07d816e000 JavaThread "task-result-getter-2" daemon [_thread_blocked, id=11980, stack(0x00007f07ba229000,0x00007f07ba32a000)]
  0x00007f07d80d1000 JavaThread "task-result-getter-1" daemon [_thread_blocked, id=11975, stack(0x00007f07ba72e000,0x00007f07ba82f000)]
  0x00007f07d0037000 JavaThread "task-result-getter-0" daemon [_thread_blocked, id=11974, stack(0x00007f07baa2f000,0x00007f07bab30000)]
  0x00007f07cdb4e000 JavaThread "org.apache.hadoop.fs.FileSystem$Statistics$StatisticsDataReferenceCleaner" daemon [_thread_blocked, id=11972, stack(0x00007f07bb13d000,0x00007f07bb23e000)]
  0x00007f07ccb15800 JavaThread "SparkListenerBus" daemon [_thread_blocked, id=11970, stack(0x00007f07bb993000,0x00007f07bba94000)]
  0x00007f07ccb13800 JavaThread "context-cleaner-periodic-gc" daemon [_thread_blocked, id=11969, stack(0x00007f07bba94000,0x00007f07bbb95000)]
  0x00007f07cca00800 JavaThread "Spark Context Cleaner" daemon [_thread_blocked, id=11968, stack(0x00007f07bbb95000,0x00007f07bbc96000)]
  0x00007f07cc6d2800 JavaThread "shuffle-server-5-1" daemon [_thread_blocked, id=11967, stack(0x00007f07bbe96000,0x00007f07bbf97000)]
  0x00007f07cc7ef000 JavaThread "driver-heartbeater" daemon [_thread_blocked, id=11966, stack(0x00007f07bbf97000,0x00007f07bc098000)]
  0x00007f07cc969800 JavaThread "dag-scheduler-event-loop" daemon [_thread_blocked, id=11965, stack(0x00007f07bc098000,0x00007f07bc199000)]
  0x00000000017f4800 JavaThread "netty-rpc-env-timeout" daemon [_thread_blocked, id=11964, stack(0x00007f07bc199000,0x00007f07bc29a000)]
  0x00007f07cc748000 JavaThread "Timer-0" daemon [_thread_blocked, id=11963, stack(0x00007f07bc29a000,0x00007f07bc39b000)]
  0x00007f07d8072800 JavaThread "heartbeat-receiver-event-loop-thread" daemon [_thread_blocked, id=11962, stack(0x00007f07bc39b000,0x00007f07bc49c000)]
  0x00007f07cc97a000 JavaThread "SparkUI-37" daemon [_thread_blocked, id=11961, stack(0x00007f07bc49c000,0x00007f07bc59d000)]
  0x00007f07cc978000 JavaThread "SparkUI-36" daemon [_thread_blocked, id=11960, stack(0x00007f07bc59d000,0x00007f07bc69e000)]
  0x00007f07cc6db000 JavaThread "SparkUI-35" daemon [_thread_blocked, id=11959, stack(0x00007f07bc74f000,0x00007f07bc850000)]
  0x00007f07cc6d9000 JavaThread "SparkUI-34" daemon [_thread_blocked, id=11958, stack(0x00007f07bc850000,0x00007f07bc951000)]
  0x00007f07cc6d7000 JavaThread "SparkUI-33" daemon [_thread_blocked, id=11957, stack(0x00007f07bc951000,0x00007f07bca52000)]
  0x00007f07cc6d5000 JavaThread "SparkUI-32" daemon [_thread_blocked, id=11956, stack(0x00007f07bca52000,0x00007f07bcb53000)]
  0x00007f07cc7f9800 JavaThread "SparkUI-31-acceptor-0@71ba336a-Spark@7f7dd32d{HTTP/1.1}{0.0.0.0:4040}" daemon [_thread_in_native, id=11955, stack(0x00007f07bcb53000,0x00007f07bcc54000)]
  0x00007f07cc801000 JavaThread "SparkUI-30-selector-ServerConnectorManager@414e1750/0" daemon [_thread_in_native, id=11954, stack(0x00007f07bccfe000,0x00007f07bcdff000)]
  0x00007f07cc5e0800 JavaThread "refresh progress" daemon [_thread_blocked, id=11952, stack(0x00007f07dc00b000,0x00007f07dc10c000)]
  0x00007f07cc5b2000 JavaThread "map-output-dispatcher-7" daemon [_thread_blocked, id=11951, stack(0x00007f07dc30c000,0x00007f07dc40d000)]
  0x00007f07cc5b0000 JavaThread "map-output-dispatcher-6" daemon [_thread_blocked, id=11950, stack(0x00007f07dc40d000,0x00007f07dc50e000)]
  0x00007f07cc5ae800 JavaThread "map-output-dispatcher-5" daemon [_thread_blocked, id=11949, stack(0x00007f07dc50e000,0x00007f07dc60f000)]
  0x00007f07cc5ac800 JavaThread "map-output-dispatcher-4" daemon [_thread_blocked, id=11948, stack(0x00007f07dc60f000,0x00007f07dc710000)]
  0x00007f07cc5ab000 JavaThread "map-output-dispatcher-3" daemon [_thread_blocked, id=11947, stack(0x00007f07dc710000,0x00007f07dc811000)]
  0x00007f07cc5a9000 JavaThread "map-output-dispatcher-2" daemon [_thread_blocked, id=11946, stack(0x00007f07dc811000,0x00007f07dc912000)]
  0x00007f07cc5a5800 JavaThread "map-output-dispatcher-1" daemon [_thread_blocked, id=11945, stack(0x00007f07dc912000,0x00007f07dca13000)]
  0x00007f07cc5a3800 JavaThread "map-output-dispatcher-0" daemon [_thread_blocked, id=11944, stack(0x00007f07dca13000,0x00007f07dcb14000)]
  0x00007f07cc4ec000 JavaThread "rpc-server-3-1" daemon [_thread_blocked, id=11943, stack(0x00007f07dcb14000,0x00007f07dcc15000)]
  0x00007f07cc425800 JavaThread "dispatcher-event-loop-1" daemon [_thread_blocked, id=11942, stack(0x00007f07dd03a000,0x00007f07dd13b000)]
  0x00007f07cc424800 JavaThread "dispatcher-event-loop-0" daemon [_thread_blocked, id=11941, stack(0x00007f07dd967000,0x00007f07dda68000)]
  0x00007f07cc34c000 JavaThread "process reaper" daemon [_thread_blocked, id=11939, stack(0x00007f07dda68000,0x00007f07ddaa1000)]
  0x00007f07c03bb800 JavaThread "Thread-2" [_thread_blocked, id=11937, stack(0x00007f07de0ab000,0x00007f07de1ac000)]
  0x00007f07f0da1000 JavaThread "Thread-1" [_thread_in_native, id=11936, stack(0x00007f07de1ac000,0x00007f07de2ad000)]
  0x00007f07f0d91800 JavaThread "pool-1-thread-1" [_thread_blocked, id=11935, stack(0x00007f07de4ad000,0x00007f07de5ae000)]
  0x00007f07f00bb000 JavaThread "Service Thread" daemon [_thread_blocked, id=11933, stack(0x00007f07df67a000,0x00007f07df77b000)]
  0x00007f07f00b8000 JavaThread "C1 CompilerThread1" daemon [_thread_blocked, id=11932, stack(0x00007f07df77b000,0x00007f07df87c000)]
  0x00007f07f00b6000 JavaThread "C2 CompilerThread0" daemon [_thread_blocked, id=11931, stack(0x00007f07df87c000,0x00007f07df97d000)]
  0x00007f07f00b4000 JavaThread "Signal Dispatcher" daemon [_thread_blocked, id=11930, stack(0x00007f07df97d000,0x00007f07dfa7e000)]
  0x00007f07f0082000 JavaThread "Finalizer" daemon [_thread_blocked, id=11929, stack(0x00007f07dfc16000,0x00007f07dfd17000)]
  0x00007f07f007f800 JavaThread "Reference Handler" daemon [_thread_blocked, id=11928, stack(0x00007f07dfd17000,0x00007f07dfe18000)]
  0x00007f07f0011800 JavaThread "main" [_thread_in_native, id=11926, stack(0x00007f07f7646000,0x00007f07f7747000)]

Other Threads:
=>0x00007f07f0075800 VMThread [stack: 0x00007f07dfe18000,0x00007f07dff19000] [id=11927]
  0x00007f07f00be000 WatcherThread [stack: 0x00007f07df579000,0x00007f07df67a000] [id=11934]

VM state:at safepoint (normal execution)

VM Mutex/Monitor currently owned by a thread:  ([mutex/lock_event])
[0x00007f07f000df10] Threads_lock - owner thread: 0x00007f07f0075800
[0x00007f07f000e410] Heap_lock - owner thread: 0x00007f07cca00800

heap address: 0x00000000c0000000, size: 1024 MB, Compressed Oops mode: 32-bit
Narrow klass base: 0x0000000000000000, Narrow klass shift: 3
Compressed class space size: 1073741824 Address: 0x0000000100000000

Heap:
 def new generation   total 73984K, used 65792K [0x00000000c0000000, 0x00000000c5040000, 0x00000000d5550000)
  eden space 65792K, 100% used [0x00000000c0000000, 0x00000000c4040000, 0x00000000c4040000)
  from space 8192K,   0% used [0x00000000c4040000, 0x00000000c40401f0, 0x00000000c4840000)
  to   space 8192K,   0% used [0x00000000c4840000, 0x00000000c48402d0, 0x00000000c5040000)
 tenured generation   total 164296K, used 164112K [0x00000000d5550000, 0x00000000df5c2000, 0x0000000100000000)
   the space 164296K,  99% used [0x00000000d5550000, 0x00000000df594030, 0x00000000df594200, 0x00000000df5c2000)
 Metaspace       used 71026K, capacity 72036K, committed 72408K, reserved 1112064K
  class space    used 10144K, capacity 10336K, committed 10456K, reserved 1048576K

Card table byte_map: [0x00007f07e0a3f000,0x00007f07e0c40000] byte_map_base: 0x00007f07e043f000

Polling page: 0x00007f07f7752000

CodeCache: size=245760Kb used=24919Kb max_used=25158Kb free=220840Kb
 bounds [0x00007f07e1000000, 0x00007f07e28d0000, 0x00007f07f0000000]
 total_blobs=8391 nmethods=7792 adapters=511
 compilation: enabled

Compilation events (10 events):
Event: 2485.911 Thread 0x00007f07f00b6000 nmethod 9775 0x00007f07e12d1590 code [0x00007f07e12d1920, 0x00007f07e12d3038]
Event: 2485.912 Thread 0x00007f07f00b6000 9777       4       org.apache.spark.util.collection.unsafe.sort.UnsafeExternalSorter::insertRecord (183 bytes)
Event: 2485.914 Thread 0x00007f07f00b8000 9798       3       org.apache.spark.deploy.SparkHadoopUtil$$anonfun$getFSBytesReadOnThreadCallback$1::apply$mcJ$sp (15 bytes)
Event: 2485.915 Thread 0x00007f07f00b8000 nmethod 9798 0x00007f07e18224d0 code [0x00007f07e1822640, 0x00007f07e1822860]
Event: 2485.932 Thread 0x00007f07f00b6000 nmethod 9777 0x00007f07e26be410 code [0x00007f07e26be600, 0x00007f07e26bee60]
Event: 2485.932 Thread 0x00007f07f00b6000 9786       4       org.apache.spark.util.collection.unsafe.sort.UnsafeExternalSorter::acquireNewPageIfNecessary (67 bytes)
Event: 2485.934 Thread 0x00007f07f00b6000 nmethod 9786 0x00007f07e14c06d0 code [0x00007f07e14c0840, 0x00007f07e14c0a48]
Event: 2486.191 Thread 0x00007f07f00b8000 9799       1       scala.Tuple4::_4 (5 bytes)
Event: 2486.191 Thread 0x00007f07f00b8000 nmethod 9799 0x00007f07e28b3990 code [0x00007f07e28b3ae0, 0x00007f07e28b3bf0]
Event: 2486.738 Thread 0x00007f07f00b8000 9800       3       scala.collection.mutable.ArrayBuilder$ofRef::$plus$plus$eq (6 bytes)

GC Heap History (10 events):
Event: 2485.386 GC heap after
Heap after GC invocations=349 (full 10):
 def new generation   total 43328K, used 3131K [0x00000000c0000000, 0x00000000c2f00000, 0x00000000d5550000)
  eden space 38528K,   0% used [0x00000000c0000000, 0x00000000c0000000, 0x00000000c25a0000)
  from space 4800K,  65% used [0x00000000c2a50000, 0x00000000c2d5ec70, 0x00000000c2f00000)
  to   space 4800K,   0% used [0x00000000c25a0000, 0x00000000c25a0000, 0x00000000c2a50000)
 tenured generation   total 96188K, used 56532K [0x00000000d5550000, 0x00000000db33f000, 0x0000000100000000)
   the space 96188K,  58% used [0x00000000d5550000, 0x00000000d8c851a8, 0x00000000d8c85200, 0x00000000db33f000)
 Metaspace       used 71137K, capacity 72216K, committed 72408K, reserved 1112064K
  class space    used 10160K, capacity 10366K, committed 10456K, reserved 1048576K
}
Event: 2485.591 GC heap before
{Heap before GC invocations=349 (full 10):
 def new generation   total 43328K, used 41659K [0x00000000c0000000, 0x00000000c2f00000, 0x00000000d5550000)
  eden space 38528K, 100% used [0x00000000c0000000, 0x00000000c25a0000, 0x00000000c25a0000)
  from space 4800K,  65% used [0x00000000c2a50000, 0x00000000c2d5ec70, 0x00000000c2f00000)
  to   space 4800K,   0% used [0x00000000c25a0000, 0x00000000c25a0000, 0x00000000c2a50000)
 tenured generation   total 96188K, used 56532K [0x00000000d5550000, 0x00000000db33f000, 0x0000000100000000)
   the space 96188K,  58% used [0x00000000d5550000, 0x00000000d8c851a8, 0x00000000d8c85200, 0x00000000db33f000)
 Metaspace       used 71137K, capacity 72216K, committed 72408K, reserved 1112064K
  class space    used 10160K, capacity 10366K, committed 10456K, reserved 1048576K
Event: 2485.603 GC heap after
Heap after GC invocations=350 (full 10):
 def new generation   total 43328K, used 4420K [0x00000000c0000000, 0x00000000c2f00000, 0x00000000d5550000)
  eden space 38528K,   0% used [0x00000000c0000000, 0x00000000c0000000, 0x00000000c25a0000)
  from space 4800K,  92% used [0x00000000c25a0000, 0x00000000c29f12e0, 0x00000000c2a50000)
  to   space 4800K,   0% used [0x00000000c2a50000, 0x00000000c2a50000, 0x00000000c2f00000)
 tenured generation   total 96188K, used 73675K [0x00000000d5550000, 0x00000000db33f000, 0x0000000100000000)
   the space 96188K,  76% used [0x00000000d5550000, 0x00000000d9d42c18, 0x00000000d9d42e00, 0x00000000db33f000)
 Metaspace       used 71137K, capacity 72216K, committed 72408K, reserved 1112064K
  class space    used 10160K, capacity 10366K, committed 10456K, reserved 1048576K
}
Event: 2485.764 GC heap before
{Heap before GC invocations=350 (full 10):
 def new generation   total 43328K, used 42948K [0x00000000c0000000, 0x00000000c2f00000, 0x00000000d5550000)
  eden space 38528K, 100% used [0x00000000c0000000, 0x00000000c25a0000, 0x00000000c25a0000)
  from space 4800K,  92% used [0x00000000c25a0000, 0x00000000c29f12e0, 0x00000000c2a50000)
  to   space 4800K,   0% used [0x00000000c2a50000, 0x00000000c2a50000, 0x00000000c2f00000)
 tenured generation   total 96188K, used 73675K [0x00000000d5550000, 0x00000000db33f000, 0x0000000100000000)
   the space 96188K,  76% used [0x00000000d5550000, 0x00000000d9d42c18, 0x00000000d9d42e00, 0x00000000db33f000)
 Metaspace       used 71137K, capacity 72216K, committed 72408K, reserved 1112064K
  class space    used 10160K, capacity 10366K, committed 10456K, reserved 1048576K
Event: 2485.875 GC heap after
Heap after GC invocations=351 (full 11):
 def new generation   total 73984K, used 0K [0x00000000c0000000, 0x00000000c5040000, 0x00000000d5550000)
  eden space 65792K,   0% used [0x00000000c0000000, 0x00000000c0000000, 0x00000000c4040000)
  from space 8192K,   0% used [0x00000000c4040000, 0x00000000c4040000, 0x00000000c4840000)
  to   space 8192K,   0% used [0x00000000c4840000, 0x00000000c4840000, 0x00000000c5040000)
 tenured generation   total 164296K, used 98575K [0x00000000d5550000, 0x00000000df5c2000, 0x0000000100000000)
   the space 164296K,  59% used [0x00000000d5550000, 0x00000000db593ff0, 0x00000000db594000, 0x00000000df5c2000)
 Metaspace       used 71026K, capacity 72036K, committed 72408K, reserved 1112064K
  class space    used 10144K, capacity 10336K, committed 10456K, reserved 1048576K
}
Event: 2486.088 GC heap before
{Heap before GC invocations=351 (full 11):
 def new generation   total 73984K, used 53085K [0x00000000c0000000, 0x00000000c5040000, 0x00000000d5550000)
  eden space 65792K,  80% used [0x00000000c0000000, 0x00000000c33d7628, 0x00000000c4040000)
  from space 8192K,   0% used [0x00000000c4040000, 0x00000000c4040000, 0x00000000c4840000)
  to   space 8192K,   0% used [0x00000000c4840000, 0x00000000c4840000, 0x00000000c5040000)
 tenured generation   total 164296K, used 98575K [0x00000000d5550000, 0x00000000df5c2000, 0x0000000100000000)
   the space 164296K,  59% used [0x00000000d5550000, 0x00000000db593ff0, 0x00000000db594000, 0x00000000df5c2000)
 Metaspace       used 71026K, capacity 72036K, committed 72408K, reserved 1112064K
  class space    used 10144K, capacity 10336K, committed 10456K, reserved 1048576K
Event: 2486.100 GC heap after
Heap after GC invocations=352 (full 11):
 def new generation   total 73984K, used 0K [0x00000000c0000000, 0x00000000c5040000, 0x00000000d5550000)
  eden space 65792K,   0% used [0x00000000c0000000, 0x00000000c0000000, 0x00000000c4040000)
  from space 8192K,   0% used [0x00000000c4840000, 0x00000000c48400d0, 0x00000000c5040000)
  to   space 8192K,   0% used [0x00000000c4040000, 0x00000000c4040000, 0x00000000c4840000)
 tenured generation   total 164296K, used 114960K [0x00000000d5550000, 0x00000000df5c2000, 0x0000000100000000)
   the space 164296K,  69% used [0x00000000d5550000, 0x00000000dc594000, 0x00000000dc594000, 0x00000000df5c2000)
 Metaspace       used 71026K, capacity 72036K, committed 72408K, reserved 1112064K
  class space    used 10144K, capacity 10336K, committed 10456K, reserved 1048576K
}
Event: 2486.209 GC heap before
{Heap before GC invocations=352 (full 11):
 def new generation   total 73984K, used 54394K [0x00000000c0000000, 0x00000000c5040000, 0x00000000d5550000)
  eden space 65792K,  82% used [0x00000000c0000000, 0x00000000c351e9c8, 0x00000000c4040000)
  from space 8192K,   0% used [0x00000000c4840000, 0x00000000c48400d0, 0x00000000c5040000)
  to   space 8192K,   0% used [0x00000000c4040000, 0x00000000c4040000, 0x00000000c4840000)
 tenured generation   total 164296K, used 114960K [0x00000000d5550000, 0x00000000df5c2000, 0x0000000100000000)
   the space 164296K,  69% used [0x00000000d5550000, 0x00000000dc594000, 0x00000000dc594000, 0x00000000df5c2000)
 Metaspace       used 71026K, capacity 72036K, committed 72408K, reserved 1112064K
  class space    used 10144K, capacity 10336K, committed 10456K, reserved 1048576K
Event: 2486.283 GC heap after
Heap after GC invocations=353 (full 11):
 def new generation   total 73984K, used 0K [0x00000000c0000000, 0x00000000c5040000, 0x00000000d5550000)
  eden space 65792K,   0% used [0x00000000c0000000, 0x00000000c0000000, 0x00000000c4040000)
  from space 8192K,   0% used [0x00000000c4040000, 0x00000000c40401f0, 0x00000000c4840000)
  to   space 8192K,   0% used [0x00000000c4840000, 0x00000000c4840000, 0x00000000c5040000)
 tenured generation   total 164296K, used 147728K [0x00000000d5550000, 0x00000000df5c2000, 0x0000000100000000)
   the space 164296K,  89% used [0x00000000d5550000, 0x00000000de594020, 0x00000000de594200, 0x00000000df5c2000)
 Metaspace       used 71026K, capacity 72036K, committed 72408K, reserved 1112064K
  class space    used 10144K, capacity 10336K, committed 10456K, reserved 1048576K
}
Event: 2487.562 GC heap before
{Heap before GC invocations=353 (full 11):
 def new generation   total 73984K, used 65792K [0x00000000c0000000, 0x00000000c5040000, 0x00000000d5550000)
  eden space 65792K, 100% used [0x00000000c0000000, 0x00000000c4040000, 0x00000000c4040000)
  from space 8192K,   0% used [0x00000000c4040000, 0x00000000c40401f0, 0x00000000c4840000)
  to   space 8192K,   0% used [0x00000000c4840000, 0x00000000c4840000, 0x00000000c5040000)
 tenured generation   total 164296K, used 147728K [0x00000000d5550000, 0x00000000df5c2000, 0x0000000100000000)
   the space 164296K,  89% used [0x00000000d5550000, 0x00000000de594020, 0x00000000de594200, 0x00000000df5c2000)
 Metaspace       used 71026K, capacity 72036K, committed 72408K, reserved 1112064K
  class space    used 10144K, capacity 10336K, committed 10456K, reserved 1048576K

Deoptimization events (10 events):
Event: 2484.636 Thread 0x00007f07d0019000 Uncommon trap: reason=class_check action=maybe_recompile pc=0x00007f07e279b0ac method=scala.util.hashing.MurmurHash3.listHash(Lscala/collection/immutable/List;I)I @ 10
Event: 2484.681 Thread 0x00007f07d0019000 Uncommon trap: reason=speculate_class_check action=maybe_recompile pc=0x00007f07e1c262d4 method=scala.collection.generic.ImmutableSetFactory.empty()Lscala/collection/immutable/Set; @ 1
Event: 2484.681 Thread 0x00007f07d0019000 Uncommon trap: reason=speculate_class_check action=maybe_recompile pc=0x00007f07e1e47bcc method=scala.collection.immutable.HashSet.$plus(Ljava/lang/Object;)Lscala/collection/immutable/HashSet; @ 8
Event: 2484.681 Thread 0x00007f07d0019000 Uncommon trap: reason=speculate_class_check action=maybe_recompile pc=0x00007f07e1e47bcc method=scala.collection.immutable.HashSet.$plus(Ljava/lang/Object;)Lscala/collection/immutable/HashSet; @ 8
Event: 2484.723 Thread 0x00007f07f007f800 Uncommon trap: reason=unstable_if action=reinterpret pc=0x00007f07e113f45c method=java.lang.ref.Reference.tryHandlePending(Z)Z @ 20
Event: 2484.725 Thread 0x00007f07d0019000 Uncommon trap: reason=bimorphic action=maybe_recompile pc=0x00007f07e1da6e1c method=org.apache.spark.sql.execution.BufferedRowIterator.hasNext()Z @ 11
Event: 2484.733 Thread 0x00007f07d0019000 Uncommon trap: reason=unstable_if action=reinterpret pc=0x00007f07e1f7f784 method=org.apache.spark.sql.execution.BufferedRowIterator.shouldStop()Z @ 7
Event: 2485.058 Thread 0x00007f07d0019000 Uncommon trap: reason=unstable_if action=reinterpret pc=0x00007f07e28bae40 method=org.apache.spark.sql.catalyst.expressions.GeneratedClass$SpecificUnsafeProjection.apply_0$(Lorg/apache/spark/sql/catalyst/expressions/GeneratedClass$SpecificUnsafeProjection
Event: 2485.058 Thread 0x00007f07d0019000 Uncommon trap: reason=unstable_if action=reinterpret pc=0x00007f07e28bf5e8 method=org.apache.spark.sql.catalyst.expressions.GeneratedClass$SpecificUnsafeProjection.apply_2$(Lorg/apache/spark/sql/catalyst/expressions/GeneratedClass$SpecificUnsafeProjection
Event: 2485.072 Thread 0x00007f07d0019000 Uncommon trap: reason=unstable_if action=reinterpret pc=0x00007f07e28b43ac method=org.apache.spark.sql.execution.SortExec$$anon$1.computePrefix(Lorg/apache/spark/sql/catalyst/InternalRow;)Lorg/apache/spark/sql/execution/UnsafeExternalRowSorter$PrefixCompu

Classes redefined (0 events):
No events

Internal exceptions (10 events):
Event: 2484.166 Thread 0x00007f07c03bb800 Exception <a 'java/lang/NoSuchMethodError': <clinit>> (0x00000000c247a860) thrown at [/build/openjdk-8-g3XteX/openjdk-8-8u222-b10/src/hotspot/src/share/vm/prims/jni.cpp, line 1615]
Event: 2484.166 Thread 0x00007f07c03bb800 Exception <a 'java/lang/NoSuchMethodError': <clinit>> (0x00000000c247c1b8) thrown at [/build/openjdk-8-g3XteX/openjdk-8-8u222-b10/src/hotspot/src/share/vm/prims/jni.cpp, line 1615]
Event: 2484.398 Thread 0x00007f07cc969800 Exception <a 'java/lang/NoSuchMethodError': <clinit>> (0x00000000c0e4c9c8) thrown at [/build/openjdk-8-g3XteX/openjdk-8-8u222-b10/src/hotspot/src/share/vm/prims/jni.cpp, line 1615]
Event: 2484.399 Thread 0x00007f07cc969800 Exception <a 'java/lang/NoSuchMethodError': <clinit>> (0x00000000c0e6fb20) thrown at [/build/openjdk-8-g3XteX/openjdk-8-8u222-b10/src/hotspot/src/share/vm/prims/jni.cpp, line 1615]
Event: 2484.401 Thread 0x00007f07cc969800 Exception <a 'java/lang/NoSuchMethodError': <clinit>> (0x00000000c0e8e850) thrown at [/build/openjdk-8-g3XteX/openjdk-8-8u222-b10/src/hotspot/src/share/vm/prims/jni.cpp, line 1615]
Event: 2484.402 Thread 0x00007f07cc969800 Exception <a 'java/lang/NoSuchMethodError': <clinit>> (0x00000000c0eb2580) thrown at [/build/openjdk-8-g3XteX/openjdk-8-8u222-b10/src/hotspot/src/share/vm/prims/jni.cpp, line 1615]
Event: 2484.404 Thread 0x00007f07cc969800 Exception <a 'java/lang/NoSuchMethodError': <clinit>> (0x00000000c0ec5ef8) thrown at [/build/openjdk-8-g3XteX/openjdk-8-8u222-b10/src/hotspot/src/share/vm/prims/jni.cpp, line 1615]
Event: 2484.406 Thread 0x00007f07cc969800 Exception <a 'java/lang/NoSuchMethodError': <clinit>> (0x00000000c0edbd00) thrown at [/build/openjdk-8-g3XteX/openjdk-8-8u222-b10/src/hotspot/src/share/vm/prims/jni.cpp, line 1615]
Event: 2484.406 Thread 0x00007f07cc969800 Exception <a 'java/lang/NoSuchMethodError': <clinit>> (0x00000000c0edd8f0) thrown at [/build/openjdk-8-g3XteX/openjdk-8-8u222-b10/src/hotspot/src/share/vm/prims/jni.cpp, line 1615]
Event: 2484.415 Thread 0x00007f07cc424800 Exception <a 'java/lang/NoSuchMethodError': <clinit>> (0x00000000c1357e00) thrown at [/build/openjdk-8-g3XteX/openjdk-8-8u222-b10/src/hotspot/src/share/vm/prims/jni.cpp, line 1615]

Events (10 events):
Event: 2485.610 Executing VM operation: GenCollectForAllocation done
Event: 2485.757 Thread 0x00007f07d0019000 DEOPT PACKING pc=0x00007f07e14e13c2 sp=0x00007f07ba62b150
Event: 2485.757 Thread 0x00007f07d0019000 DEOPT UNPACKING pc=0x00007f07e10474c4 sp=0x00007f07ba62aed0 mode 0
Event: 2485.764 Executing VM operation: GenCollectForAllocation
Event: 2485.882 Executing VM operation: GenCollectForAllocation done
Event: 2486.088 Executing VM operation: GenCollectForAllocation
Event: 2486.100 Executing VM operation: GenCollectForAllocation done
Event: 2486.209 Executing VM operation: GenCollectForAllocation
Event: 2486.292 Executing VM operation: GenCollectForAllocation done
Event: 2487.439 Executing VM operation: GenCollectForAllocation


Dynamic libraries:
00400000-00401000 r-xp 00000000 ca:01 286273                             /usr/lib/jvm/java-8-openjdk-amd64/jre/bin/java
00600000-00601000 r--p 00000000 ca:01 286273                             /usr/lib/jvm/java-8-openjdk-amd64/jre/bin/java
00601000-00602000 rw-p 00001000 ca:01 286273                             /usr/lib/jvm/java-8-openjdk-amd64/jre/bin/java
017d1000-01856000 rw-p 00000000 00:00 0                                  [heap]
c0000000-c5040000 rw-p 00000000 00:00 0 
c5040000-d5550000 ---p 00000000 00:00 0 
d5550000-df5c2000 rw-p 00000000 00:00 0 
e05c3000-100000000 ---p 00000000 00:00 0 
100000000-100a36000 rw-p 00000000 00:00 0 
100a36000-140000000 ---p 00000000 00:00 0 
7f07b8122000-7f07b81a2000 rw-p 00000000 00:00 0 
7f07b81a2000-7f07b8322000 ---p 00000000 00:00 0 
7f07b8322000-7f07b8522000 rw-p 00000000 00:00 0 
7f07b8522000-7f07b8525000 ---p 00000000 00:00 0 
7f07b8525000-7f07b8623000 rw-p 00000000 00:00 0 
7f07b8623000-7f07b8626000 ---p 00000000 00:00 0 
7f07b8626000-7f07b8924000 rw-p 00000000 00:00 0 
7f07b8924000-7f07b8927000 ---p 00000000 00:00 0 
7f07b8927000-7f07b8a25000 rw-p 00000000 00:00 0 
7f07b8a25000-7f07b8a28000 ---p 00000000 00:00 0 
7f07b8a28000-7f07b8b26000 rw-p 00000000 00:00 0 
7f07b8b26000-7f07b8b29000 ---p 00000000 00:00 0 
7f07b8b29000-7f07b8c27000 rw-p 00000000 00:00 0 
7f07b8c27000-7f07b8c2a000 ---p 00000000 00:00 0 
7f07b8c2a000-7f07b8d28000 rw-p 00000000 00:00 0 
7f07b8d28000-7f07b8d2b000 ---p 00000000 00:00 0 
7f07b8d2b000-7f07b9029000 rw-p 00000000 00:00 0 
7f07b9029000-7f07b9229000 rw-p 00000000 00:00 0 
7f07b9229000-7f07b9429000 rw-p 00000000 00:00 0 
7f07b9429000-7f07b9629000 rw-p 00000000 00:00 0 
7f07b9629000-7f07b9829000 rw-p 00000000 00:00 0 
7f07b9829000-7f07b9a29000 rw-p 00000000 00:00 0 
7f07b9a29000-7f07b9c29000 rw-p 00000000 00:00 0 
7f07b9c29000-7f07b9e29000 rw-p 00000000 00:00 0 
7f07b9e29000-7f07ba029000 rw-p 00000000 00:00 0 
7f07ba029000-7f07ba229000 rw-p 00000000 00:00 0 
7f07ba229000-7f07ba22c000 ---p 00000000 00:00 0 
7f07ba22c000-7f07ba32a000 rw-p 00000000 00:00 0 
7f07ba32a000-7f07ba32d000 ---p 00000000 00:00 0 
7f07ba32d000-7f07ba42b000 rw-p 00000000 00:00 0 
7f07ba42b000-7f07ba42e000 ---p 00000000 00:00 0 
7f07ba42e000-7f07ba52c000 rw-p 00000000 00:00 0 
7f07ba52c000-7f07ba52f000 ---p 00000000 00:00 0 
7f07ba52f000-7f07ba62d000 rw-p 00000000 00:00 0 
7f07ba62d000-7f07ba630000 ---p 00000000 00:00 0 
7f07ba630000-7f07ba72e000 rw-p 00000000 00:00 0 
7f07ba72e000-7f07ba731000 ---p 00000000 00:00 0 
7f07ba731000-7f07baa2f000 rw-p 00000000 00:00 0 
7f07baa2f000-7f07baa32000 ---p 00000000 00:00 0 
7f07baa32000-7f07bad30000 rw-p 00000000 00:00 0 
7f07bad30000-7f07bad3d000 r-xp 00000000 ca:01 101                        /tmp/liblz4-java4216002223924689060.so
7f07bad3d000-7f07baf3c000 ---p 0000d000 ca:01 101                        /tmp/liblz4-java4216002223924689060.so
7f07baf3c000-7f07baf3d000 rw-p 0000c000 ca:01 101                        /tmp/liblz4-java4216002223924689060.so
7f07baf3d000-7f07bb13d000 rw-p 00000000 00:00 0 
7f07bb13d000-7f07bb140000 ---p 00000000 00:00 0 
7f07bb140000-7f07bb23e000 rw-p 00000000 00:00 0 
7f07bb292000-7f07bb295000 ---p 00000000 00:00 0 
7f07bb295000-7f07bb593000 rw-p 00000000 00:00 0 
7f07bb593000-7f07bb793000 rw-p 00000000 00:00 0 
7f07bb793000-7f07bb993000 rw-p 00000000 00:00 0 
7f07bb993000-7f07bb996000 ---p 00000000 00:00 0 
7f07bb996000-7f07bba94000 rw-p 00000000 00:00 0 
7f07bba94000-7f07bba97000 ---p 00000000 00:00 0 
7f07bba97000-7f07bbb95000 rw-p 00000000 00:00 0 
7f07bbb95000-7f07bbb98000 ---p 00000000 00:00 0 
7f07bbb98000-7f07bbe96000 rw-p 00000000 00:00 0 
7f07bbe96000-7f07bbe99000 ---p 00000000 00:00 0 
7f07bbe99000-7f07bbf97000 rw-p 00000000 00:00 0 
7f07bbf97000-7f07bbf9a000 ---p 00000000 00:00 0 
7f07bbf9a000-7f07bc098000 rw-p 00000000 00:00 0 
7f07bc098000-7f07bc09b000 ---p 00000000 00:00 0 
7f07bc09b000-7f07bc199000 rw-p 00000000 00:00 0 
7f07bc199000-7f07bc19c000 ---p 00000000 00:00 0 
7f07bc19c000-7f07bc29a000 rw-p 00000000 00:00 0 
7f07bc29a000-7f07bc29d000 ---p 00000000 00:00 0 
7f07bc29d000-7f07bc39b000 rw-p 00000000 00:00 0 
7f07bc39b000-7f07bc39e000 ---p 00000000 00:00 0 
7f07bc39e000-7f07bc49c000 rw-p 00000000 00:00 0 
7f07bc49c000-7f07bc49f000 ---p 00000000 00:00 0 
7f07bc49f000-7f07bc59d000 rw-p 00000000 00:00 0 
7f07bc59d000-7f07bc5a0000 ---p 00000000 00:00 0 
7f07bc5a0000-7f07bc69e000 rw-p 00000000 00:00 0 
7f07bc74f000-7f07bc752000 ---p 00000000 00:00 0 
7f07bc752000-7f07bc850000 rw-p 00000000 00:00 0 
7f07bc850000-7f07bc853000 ---p 00000000 00:00 0 
7f07bc853000-7f07bc951000 rw-p 00000000 00:00 0 
7f07bc951000-7f07bc954000 ---p 00000000 00:00 0 
7f07bc954000-7f07bca52000 rw-p 00000000 00:00 0 
7f07bca52000-7f07bca55000 ---p 00000000 00:00 0 
7f07bca55000-7f07bcb53000 rw-p 00000000 00:00 0 
7f07bcb53000-7f07bcb56000 ---p 00000000 00:00 0 
7f07bcb56000-7f07bcc54000 rw-p 00000000 00:00 0 
7f07bccfe000-7f07bcd01000 ---p 00000000 00:00 0 
7f07bcd01000-7f07bcfff000 rw-p 00000000 00:00 0 
7f07bcfff000-7f07c0000000 rw-p 00000000 00:00 0 
7f07c0000000-7f07c0f72000 rw-p 00000000 00:00 0 
7f07c0f72000-7f07c4000000 ---p 00000000 00:00 0 
7f07c4000000-7f07c408d000 rw-p 00000000 00:00 0 
7f07c408d000-7f07c8000000 ---p 00000000 00:00 0 
7f07c8000000-7f07c8021000 rw-p 00000000 00:00 0 
7f07c8021000-7f07cc000000 ---p 00000000 00:00 0 
7f07cc000000-7f07cf9cb000 rw-p 00000000 00:00 0 
7f07cf9cb000-7f07d0000000 ---p 00000000 00:00 0 
7f07d0000000-7f07d0053000 rw-p 00000000 00:00 0 
7f07d0053000-7f07d4000000 ---p 00000000 00:00 0 
7f07d4000000-7f07d4021000 rw-p 00000000 00:00 0 
7f07d4021000-7f07d8000000 ---p 00000000 00:00 0 
7f07d8000000-7f07d8287000 rw-p 00000000 00:00 0 
7f07d8287000-7f07dc000000 ---p 00000000 00:00 0 
7f07dc00b000-7f07dc00e000 ---p 00000000 00:00 0 
7f07dc00e000-7f07dc30c000 rw-p 00000000 00:00 0 
7f07dc30c000-7f07dc30f000 ---p 00000000 00:00 0 
7f07dc30f000-7f07dc40d000 rw-p 00000000 00:00 0 
7f07dc40d000-7f07dc410000 ---p 00000000 00:00 0 
7f07dc410000-7f07dc50e000 rw-p 00000000 00:00 0 
7f07dc50e000-7f07dc511000 ---p 00000000 00:00 0 
7f07dc511000-7f07dc60f000 rw-p 00000000 00:00 0 
7f07dc60f000-7f07dc612000 ---p 00000000 00:00 0 
7f07dc612000-7f07dc710000 rw-p 00000000 00:00 0 
7f07dc710000-7f07dc713000 ---p 00000000 00:00 0 
7f07dc713000-7f07dc811000 rw-p 00000000 00:00 0 
7f07dc811000-7f07dc814000 ---p 00000000 00:00 0 
7f07dc814000-7f07dc912000 rw-p 00000000 00:00 0 
7f07dc912000-7f07dc915000 ---p 00000000 00:00 0 
7f07dc915000-7f07dca13000 rw-p 00000000 00:00 0 
7f07dca13000-7f07dca16000 ---p 00000000 00:00 0 
7f07dca16000-7f07dcb14000 rw-p 00000000 00:00 0 
7f07dcb14000-7f07dcb17000 ---p 00000000 00:00 0 
7f07dcb17000-7f07dcc15000 rw-p 00000000 00:00 0 
7f07dcc15000-7f07dcc26000 r-xp 00000000 ca:01 286360                     /usr/lib/jvm/java-8-openjdk-amd64/jre/lib/amd64/libnio.so
7f07dcc26000-7f07dce25000 ---p 00011000 ca:01 286360                     /usr/lib/jvm/java-8-openjdk-amd64/jre/lib/amd64/libnio.so
7f07dce25000-7f07dce26000 r--p 00010000 ca:01 286360                     /usr/lib/jvm/java-8-openjdk-amd64/jre/lib/amd64/libnio.so
7f07dce26000-7f07dce27000 rw-p 00011000 ca:01 286360                     /usr/lib/jvm/java-8-openjdk-amd64/jre/lib/amd64/libnio.so
7f07dce27000-7f07dd027000 rw-p 00000000 00:00 0 
7f07dd027000-7f07dd03a000 r--s 00346000 ca:01 286377                     /usr/lib/jvm/java-8-openjdk-amd64/jre/lib/resources.jar
7f07dd03a000-7f07dd03d000 ---p 00000000 00:00 0 
7f07dd03d000-7f07dd33b000 rw-p 00000000 00:00 0 
7f07dd33b000-7f07dd352000 r-xp 00000000 ca:01 1984                       /lib/x86_64-linux-gnu/libresolv-2.23.so
7f07dd352000-7f07dd552000 ---p 00017000 ca:01 1984                       /lib/x86_64-linux-gnu/libresolv-2.23.so
7f07dd552000-7f07dd553000 r--p 00017000 ca:01 1984                       /lib/x86_64-linux-gnu/libresolv-2.23.so
7f07dd553000-7f07dd554000 rw-p 00018000 ca:01 1984                       /lib/x86_64-linux-gnu/libresolv-2.23.so
7f07dd554000-7f07dd556000 rw-p 00000000 00:00 0 
7f07dd556000-7f07dd55b000 r-xp 00000000 ca:01 1990                       /lib/x86_64-linux-gnu/libnss_dns-2.23.so
7f07dd55b000-7f07dd75b000 ---p 00005000 ca:01 1990                       /lib/x86_64-linux-gnu/libnss_dns-2.23.so
7f07dd75b000-7f07dd75c000 r--p 00005000 ca:01 1990                       /lib/x86_64-linux-gnu/libnss_dns-2.23.so
7f07dd75c000-7f07dd75d000 rw-p 00006000 ca:01 1990                       /lib/x86_64-linux-gnu/libnss_dns-2.23.so
7f07dd75e000-7f07dd760000 r--s 00016000 ca:01 286312                     /usr/lib/jvm/java-8-openjdk-amd64/jre/lib/jce.jar
7f07dd760000-7f07dd765000 r--s 000a3000 ca:01 286376                     /usr/lib/jvm/java-8-openjdk-amd64/jre/lib/jsse.jar
7f07dd765000-7f07dd766000 r-xp 00000000 ca:01 286366                     /usr/lib/jvm/java-8-openjdk-amd64/jre/lib/amd64/libjaas_unix.so
7f07dd766000-7f07dd965000 ---p 00001000 ca:01 286366                     /usr/lib/jvm/java-8-openjdk-amd64/jre/lib/amd64/libjaas_unix.so
7f07dd965000-7f07dd966000 r--p 00000000 ca:01 286366                     /usr/lib/jvm/java-8-openjdk-amd64/jre/lib/amd64/libjaas_unix.so
7f07dd966000-7f07dd967000 rw-p 00001000 ca:01 286366                     /usr/lib/jvm/java-8-openjdk-amd64/jre/lib/amd64/libjaas_unix.so
7f07dd967000-7f07dd96a000 ---p 00000000 00:00 0 
7f07dd96a000-7f07dda68000 rw-p 00000000 00:00 0 
7f07dda68000-7f07dda6b000 ---p 00000000 00:00 0 
7f07dda6b000-7f07ddca1000 rw-p 00000000 00:00 0 
7f07ddca1000-7f07ddea1000 rw-p 00000000 00:00 0 
7f07ddea1000-7f07ddeaa000 r-xp 00000000 ca:01 286338                     /usr/lib/jvm/java-8-openjdk-amd64/jre/lib/amd64/libmanagement.so
7f07ddeaa000-7f07de0a9000 ---p 00009000 ca:01 286338                     /usr/lib/jvm/java-8-openjdk-amd64/jre/lib/amd64/libmanagement.so
7f07de0a9000-7f07de0aa000 r--p 00008000 ca:01 286338                     /usr/lib/jvm/java-8-openjdk-amd64/jre/lib/amd64/libmanagement.so
7f07de0aa000-7f07de0ab000 rw-p 00009000 ca:01 286338                     /usr/lib/jvm/java-8-openjdk-amd64/jre/lib/amd64/libmanagement.so
7f07de0ab000-7f07de0ae000 ---p 00000000 00:00 0 
7f07de0ae000-7f07de1ac000 rw-p 00000000 00:00 0 
7f07de1ac000-7f07de1af000 ---p 00000000 00:00 0 
7f07de1af000-7f07de4ad000 rw-p 00000000 00:00 0 
7f07de4ad000-7f07de4b0000 ---p 00000000 00:00 0 
7f07de4b0000-7f07de5ae000 rw-p 00000000 00:00 0 
7f07de5ae000-7f07de5c4000 r-xp 00000000 ca:01 286343                     /usr/lib/jvm/java-8-openjdk-amd64/jre/lib/amd64/libnet.so
7f07de5c4000-7f07de7c4000 ---p 00016000 ca:01 286343                     /usr/lib/jvm/java-8-openjdk-amd64/jre/lib/amd64/libnet.so
7f07de7c4000-7f07de7c5000 r--p 00016000 ca:01 286343                     /usr/lib/jvm/java-8-openjdk-amd64/jre/lib/amd64/libnet.so
7f07de7c5000-7f07de7c6000 rw-p 00017000 ca:01 286343                     /usr/lib/jvm/java-8-openjdk-amd64/jre/lib/amd64/libnet.so
7f07de7c6000-7f07de7c9000 r--s 00015000 ca:01 261533                     /home/ubuntu/spark-2.1.1-bin-hadoop2.7/jars/javax.servlet-api-3.1.0.jar
7f07de7c9000-7f07de7f5000 r--s 001c9000 ca:01 261798                     /home/ubuntu/spark-2.1.1-bin-hadoop2.7/jars/shapeless_2.11-2.0.0.jar
7f07de7f5000-7f07de800000 r--s 000b0000 ca:01 261731                     /home/ubuntu/spark-2.1.1-bin-hadoop2.7/jars/jtransforms-2.4.0.jar
7f07de800000-7f07de806000 r--s 00043000 ca:01 261858                     /home/ubuntu/spark-2.1.1-bin-hadoop2.7/jars/commons-configuration-1.6.jar
7f07de806000-7f07de80a000 r--s 00019000 ca:01 261784                     /home/ubuntu/spark-2.1.1-bin-hadoop2.7/jars/javax.ws.rs-api-2.0.1.jar
7f07de80a000-7f07de80c000 r--s 00009000 ca:01 261839                     /home/ubuntu/spark-2.1.1-bin-hadoop2.7/jars/commons-cli-1.2.jar
7f07de80c000-7f07de816000 r--s 00095000 ca:01 261728                     /home/ubuntu/spark-2.1.1-bin-hadoop2.7/jars/scala-xml_2.11-1.0.2.jar
7f07de816000-7f07de81b000 r--s 00031000 ca:01 261744                     /home/ubuntu/spark-2.1.1-bin-hadoop2.7/jars/parquet-hadoop-1.8.1.jar
7f07de81b000-7f07de81f000 r--s 00020000 ca:01 261720                     /home/ubuntu/spark-2.1.1-bin-hadoop2.7/jars/commons-digester-1.8.jar
7f07de81f000-7f07de821000 r--s 00027000 ca:01 261790                     /home/ubuntu/spark-2.1.1-bin-hadoop2.7/jars/core-1.1.2.jar
7f07de821000-7f07de838000 r--s 00183000 ca:01 261753                     /home/ubuntu/spark-2.1.1-bin-hadoop2.7/jars/hadoop-yarn-common-2.7.3.jar
7f07de838000-7f07de839000 r--s 00004000 ca:01 261711                     /home/ubuntu/spark-2.1.1-bin-hadoop2.7/jars/eigenbase-properties-1.1.5.jar
7f07de839000-7f07de83f000 r--s 00044000 ca:01 261763                     /home/ubuntu/spark-2.1.1-bin-hadoop2.7/jars/antlr4-runtime-4.5.3.jar
7f07de83f000-7f07de841000 r--s 0000b000 ca:01 261840                     /home/ubuntu/spark-2.1.1-bin-hadoop2.7/jars/chill-java-0.8.0.jar
7f07de841000-7f07de84b000 r--s 00086000 ca:01 261718                     /home/ubuntu/spark-2.1.1-bin-hadoop2.7/jars/json4s-core_2.11-3.2.11.jar
7f07de84b000-7f07de84d000 r--s 0000f000 ca:01 261566                     /home/ubuntu/spark-2.1.1-bin-hadoop2.7/jars/activation-1.1.1.jar
7f07de84d000-7f07de851000 r--s 00031000 ca:01 261583                     /home/ubuntu/spark-2.1.1-bin-hadoop2.7/jars/jline-2.12.1.jar
7f07de851000-7f07de857000 r--s 00028000 ca:01 261745                     /home/ubuntu/spark-2.1.1-bin-hadoop2.7/jars/curator-framework-2.6.0.jar
7f07de857000-7f07de864000 r--s 000b1000 ca:01 261545                     /home/ubuntu/spark-2.1.1-bin-hadoop2.7/jars/hadoop-mapreduce-client-common-2.7.3.jar
7f07de864000-7f07de866000 r--s 00009000 ca:01 261758                     /home/ubuntu/spark-2.1.1-bin-hadoop2.7/jars/jackson-module-paranamer-2.6.5.jar
7f07de866000-7f07de867000 r--s 00009000 ca:01 261845                     /home/ubuntu/spark-2.1.1-bin-hadoop2.7/jars/slf4j-api-1.7.16.jar
7f07de867000-7f07de868000 r--s 00004000 ca:01 261710                     /home/ubuntu/spark-2.1.1-bin-hadoop2.7/jars/jackson-jaxrs-1.9.13.jar
7f07de868000-7f07de86a000 r--s 00012000 ca:01 261803                     /home/ubuntu/spark-2.1.1-bin-hadoop2.7/jars/api-util-1.0.0-M20.jar
7f07de86a000-7f07de872000 r--s 00066000 ca:01 261732                     /home/ubuntu/spark-2.1.1-bin-hadoop2.7/jars/apache-log4j-extras-1.2.17.jar
7f07de872000-7f07de874000 r--s 00004000 ca:01 261587                     /home/ubuntu/spark-2.1.1-bin-hadoop2.7/jars/stax-api-1.0-2.jar
7f07de874000-7f07de882000 r--s 00078000 ca:01 261756                     /home/ubuntu/spark-2.1.1-bin-hadoop2.7/jars/spark-mesos_2.11-2.1.1.jar
7f07de882000-7f07de8b0000 r--s 00212000 ca:01 261712                     /home/ubuntu/spark-2.1.1-bin-hadoop2.7/jars/spark-network-common_2.11-2.1.1.jar
7f07de8b0000-7f07de8b8000 r--s 0006e000 ca:01 261765                     /home/ubuntu/spark-2.1.1-bin-hadoop2.7/jars/commons-lang3-3.5.jar
7f07de8b8000-7f07de8b9000 r--s 00009000 ca:01 261830                     /home/ubuntu/spark-2.1.1-bin-hadoop2.7/jars/hive-cli-1.2.1.spark2.jar
7f07de8b9000-7f07de8cf000 r--s 001a4000 ca:01 261613                     /home/ubuntu/spark-2.1.1-bin-hadoop2.7/jars/datanucleus-rdbms-3.2.9.jar
7f07de8cf000-7f07de8e0000 r--s 0010d000 ca:01 261714                     /home/ubuntu/spark-2.1.1-bin-hadoop2.7/jars/jackson-databind-2.6.5.jar
7f07de8e0000-7f07de8e2000 r--s 0000a000 ca:01 261612                     /home/ubuntu/spark-2.1.1-bin-hadoop2.7/jars/spark-unsafe_2.11-2.1.1.jar
7f07de8e2000-7f07de906000 r--s 001cd000 ca:01 261855                     /home/ubuntu/spark-2.1.1-bin-hadoop2.7/jars/commons-math3-3.4.1.jar
7f07de906000-7f07de90a000 r--s 0002a000 ca:01 261747                     /home/ubuntu/spark-2.1.1-bin-hadoop2.7/jars/commons-io-2.4.jar
7f07de90a000-7f07de912000 r--s 00059000 ca:01 261611                     /home/ubuntu/spark-2.1.1-bin-hadoop2.7/jars/javolution-5.5.1.jar
7f07de912000-7f07de913000 r--s 00003000 ca:01 261568                     /home/ubuntu/spark-2.1.1-bin-hadoop2.7/jars/jta-1.1.jar
7f07de913000-7f07de916000 r--s 00009000 ca:01 261751                     /home/ubuntu/spark-2.1.1-bin-hadoop2.7/jars/jackson-annotations-2.6.5.jar
7f07de916000-7f07de98a000 r--s 00574000 ca:01 261739                     /home/ubuntu/spark-2.1.1-bin-hadoop2.7/jars/spark-mllib_2.11-2.1.1.jar
7f07de98a000-7f07de9a5000 r--s 001d8000 ca:01 261572                     /home/ubuntu/spark-2.1.1-bin-hadoop2.7/jars/jets3t-0.9.3.jar
7f07de9a5000-7f07dea30000 r--s 0069e000 ca:01 261713                     /home/ubuntu/spark-2.1.1-bin-hadoop2.7/jars/spark-catalyst_2.11-2.1.1.jar
7f07dea30000-7f07dea35000 r--s 0002a000 ca:01 261576                     /home/ubuntu/spark-2.1.1-bin-hadoop2.7/jars/commons-beanutils-1.7.0.jar
7f07dea35000-7f07dea37000 r--s 00006000 ca:01 261588                     /home/ubuntu/spark-2.1.1-bin-hadoop2.7/jars/paranamer-2.3.jar
7f07dea37000-7f07dea3b000 r--s 0002c000 ca:01 261748                     /home/ubuntu/spark-2.1.1-bin-hadoop2.7/jars/avro-ipc-1.7.7.jar
7f07dea3b000-7f07dea3c000 r--s 00003000 ca:01 261594                     /home/ubuntu/spark-2.1.1-bin-hadoop2.7/jars/xmlenc-0.52.jar
7f07dea3c000-7f07dea59000 r--s 001d5000 ca:01 261860                     /home/ubuntu/spark-2.1.1-bin-hadoop2.7/jars/hadoop-yarn-api-2.7.3.jar
7f07dea59000-7f07dea5a000 r--s 00004000 ca:01 261716                     /home/ubuntu/spark-2.1.1-bin-hadoop2.7/jars/opencsv-2.3.jar
7f07dea5a000-7f07dea5e000 r--s 00014000 ca:01 261856                     /home/ubuntu/spark-2.1.1-bin-hadoop2.7/jars/xz-1.0.jar
7f07dea5e000-7f07dea61000 r--s 000fd000 ca:01 261604                     /home/ubuntu/spark-2.1.1-bin-hadoop2.7/jars/leveldbjni-all-1.8.jar
7f07dea61000-7f07dea67000 r--s 00063000 ca:01 261849                     /home/ubuntu/spark-2.1.1-bin-hadoop2.7/jars/jodd-core-3.5.2.jar
7f07dea67000-7f07dea6b000 r--s 00030000 ca:01 261532                     /home/ubuntu/spark-2.1.1-bin-hadoop2.7/jars/commons-net-2.2.jar
7f07dea6b000-7f07dea6f000 r--s 00028000 ca:01 261608                     /home/ubuntu/spark-2.1.1-bin-hadoop2.7/jars/spark-mllib-local_2.11-2.1.1.jar
7f07dea6f000-7f07dea76000 r--s 0007d000 ca:01 261722                     /home/ubuntu/spark-2.1.1-bin-hadoop2.7/jars/jetty-6.1.26.jar
7f07dea76000-7f07dea79000 r--s 0002f000 ca:01 261546                     /home/ubuntu/spark-2.1.1-bin-hadoop2.7/jars/RoaringBitmap-0.5.11.jar
7f07dea79000-7f07dea7a000 r--s 00004000 ca:01 261866                     /home/ubuntu/spark-2.1.1-bin-hadoop2.7/jars/osgi-resource-locator-1.0.1.jar
7f07dea7a000-7f07dea9b000 r--s 0019b000 ca:01 261796                     /home/ubuntu/spark-2.1.1-bin-hadoop2.7/jars/spark-hive-thriftserver_2.11-2.1.1.jar
7f07dea9b000-7f07deaa0000 r--s 00041000 ca:01 261740                     /home/ubuntu/spark-2.1.1-bin-hadoop2.7/jars/commons-lang-2.6.jar
7f07deaa0000-7f07deaa2000 r--s 00020000 ca:01 261749                     /home/ubuntu/spark-2.1.1-bin-hadoop2.7/jars/hive-beeline-1.2.1.spark2.jar
7f07deaa2000-7f07deaa9000 r--s 00049000 ca:01 261736                     /home/ubuntu/spark-2.1.1-bin-hadoop2.7/jars/httpcore-4.4.4.jar
7f07deaa9000-7f07deaab000 r--s 00014000 ca:01 261717                     /home/ubuntu/spark-2.1.1-bin-hadoop2.7/jars/spire-macros_2.11-0.7.4.jar
7f07deaab000-7f07deaac000 r--s 00001000 ca:01 261621                     /home/ubuntu/spark-2.1.1-bin-hadoop2.7/jars/pmml-schema-1.2.15.jar
7f07deaac000-7f07deab0000 r--s 00028000 ca:01 261573                     /home/ubuntu/spark-2.1.1-bin-hadoop2.7/jars/jetty-util-6.1.26.jar
7f07deab0000-7f07deab3000 r--s 00006000 ca:01 261721                     /home/ubuntu/spark-2.1.1-bin-hadoop2.7/jars/jsr305-1.3.9.jar
7f07deab3000-7f07deaba000 r--s 0005d000 ca:01 261793                     /home/ubuntu/spark-2.1.1-bin-hadoop2.7/jars/mx4j-3.0.2.jar
7f07deaba000-7f07deabc000 r--s 0000e000 ca:01 261821                     /home/ubuntu/spark-2.1.1-bin-hadoop2.7/jars/guice-servlet-3.0.jar
7f07deabc000-7f07deac4000 r--s 0007b000 ca:01 261737                     /home/ubuntu/spark-2.1.1-bin-hadoop2.7/jars/protobuf-java-2.5.0.jar
7f07deac4000-7f07deacd000 r--s 00062000 ca:01 261580                     /home/ubuntu/spark-2.1.1-bin-hadoop2.7/jars/avro-1.7.7.jar
7f07deacd000-7f07deacf000 r--s 00003000 ca:01 261733                     /home/ubuntu/spark-2.1.1-bin-hadoop2.7/jars/jcl-over-slf4j-1.7.16.jar
7f07deacf000-7f07deb9f000 r--s 00cf0000 ca:01 261540                     /home/ubuntu/spark-2.1.1-bin-hadoop2.7/jars/breeze_2.11-0.12.jar
7f07deb9f000-7f07deba0000 r--s 00002000 ca:01 261619                     /home/ubuntu/spark-2.1.1-bin-hadoop2.7/jars/slf4j-log4j12-1.7.16.jar
7f07deba0000-7f07deba2000 r--s 00006000 ca:01 261578                     /home/ubuntu/spark-2.1.1-bin-hadoop2.7/jars/spark-sketch_2.11-2.1.1.jar
7f07deba2000-7f07deba7000 r--s 00068000 ca:01 261791                     /home/ubuntu/spark-2.1.1-bin-hadoop2.7/jars/antlr-2.7.7.jar
7f07deba7000-7f07deba9000 r--s 00000000 ca:01 261759                     /home/ubuntu/spark-2.1.1-bin-hadoop2.7/jars/aopalliance-1.0.jar
7f07deba9000-7f07debab000 r--s 00012000 ca:01 261730                     /home/ubuntu/spark-2.1.1-bin-hadoop2.7/jars/compress-lzf-1.0.3.jar
7f07debab000-7f07debb8000 r--s 0009e000 ca:01 261822                     /home/ubuntu/spark-2.1.1-bin-hadoop2.7/jars/spark-graphx_2.11-2.1.1.jar
7f07debb8000-7f07debbd000 r--s 00028000 ca:01 261841                     /home/ubuntu/spark-2.1.1-bin-hadoop2.7/jars/avro-mapred-1.7.7-hadoop2.jar
7f07debbd000-7f07debd3000 r--s 00124000 ca:01 261833                     /home/ubuntu/spark-2.1.1-bin-hadoop2.7/jars/ivy-2.4.0.jar
7f07debd3000-7f07debdb000 r--s 00078000 ca:01 261805                     /home/ubuntu/spark-2.1.1-bin-hadoop2.7/jars/mail-1.4.7.jar
7f07debdb000-7f07debe0000 r--s 0004e000 ca:01 261582                     /home/ubuntu/spark-2.1.1-bin-hadoop2.7/jars/datanucleus-api-jdo-3.2.6.jar
7f07debe0000-7f07decb8000 r--s 00a88000 ca:01 261543                     /home/ubuntu/spark-2.1.1-bin-hadoop2.7/jars/spark-core_2.11-2.1.1.jar
7f07decb8000-7f07decd0000 r--s 001b6000 ca:01 261569                     /home/ubuntu/spark-2.1.1-bin-hadoop2.7/jars/datanucleus-core-3.2.10.jar
7f07decd0000-7f07dece4000 r--s 000ec000 ca:01 261539                     /home/ubuntu/spark-2.1.1-bin-hadoop2.7/jars/parquet-jackson-1.8.1.jar
7f07dece4000-7f07dece6000 r--s 0000e000 ca:01 261785                     /home/ubuntu/spark-2.1.1-bin-hadoop2.7/jars/hadoop-mapreduce-client-jobclient-2.7.3.jar
7f07dece6000-7f07dece8000 r--s 0000e000 ca:01 261536                     /home/ubuntu/spark-2.1.1-bin-hadoop2.7/jars/oro-2.0.8.jar
7f07dece8000-7f07decea000 r--s 00003000 ca:01 261826                     /home/ubuntu/spark-2.1.1-bin-hadoop2.7/jars/JavaEWAH-0.3.2.jar
7f07decea000-7f07decec000 r--s 0000f000 ca:01 261757                     /home/ubuntu/spark-2.1.1-bin-hadoop2.7/jars/spark-launcher_2.11-2.1.1.jar
7f07decec000-7f07ded0e000 r--s 00335000 ca:01 261750                     /home/ubuntu/spark-2.1.1-bin-hadoop2.7/jars/mesos-1.0.0-shaded-protobuf.jar
7f07ded0e000-7f07ded0f000 r--s 00001000 ca:01 261610                     /home/ubuntu/spark-2.1.1-bin-hadoop2.7/jars/minlog-1.3.0.jar
7f07ded0f000-7f07ded12000 r--s 0001a000 ca:01 261834                     /home/ubuntu/spark-2.1.1-bin-hadoop2.7/jars/py4j-0.10.4.jar
7f07ded12000-7f07ded13000 r--s 00009000 ca:01 261601                     /home/ubuntu/spark-2.1.1-bin-hadoop2.7/jars/json4s-jackson_2.11-3.2.11.jar
7f07ded13000-7f07ded15000 r--s 0000d000 ca:01 261725                     /home/ubuntu/spark-2.1.1-bin-hadoop2.7/jars/hadoop-yarn-server-web-proxy-2.7.3.jar
7f07ded15000-7f07ded78000 r--s 004de000 ca:01 261719                     /home/ubuntu/spark-2.1.1-bin-hadoop2.7/jars/hive-metastore-1.2.1.spark2.jar
7f07ded78000-7f07ded7f000 r--s 00039000 ca:01 261727                     /home/ubuntu/spark-2.1.1-bin-hadoop2.7/jars/calcite-avatica-1.2.0-incubating.jar
7f07ded7f000-7f07ded86000 r--s 0003f000 ca:01 261603                     /home/ubuntu/spark-2.1.1-bin-hadoop2.7/jars/commons-codec-1.10.jar
7f07ded86000-7f07ded88000 r--s 00100000 ca:01 261842                     /home/ubuntu/spark-2.1.1-bin-hadoop2.7/jars/snappy-java-1.1.2.6.jar
7f07ded88000-7f07ded8c000 r--s 00029000 ca:01 261591                     /home/ubuntu/spark-2.1.1-bin-hadoop2.7/jars/hk2-locator-2.4.0-b34.jar
7f07ded8c000-7f07ded8f000 r--s 0000d000 ca:01 261742                     /home/ubuntu/spark-2.1.1-bin-hadoop2.7/jars/spark-network-shuffle_2.11-2.1.1.jar
7f07ded8f000-7f07ded90000 r--s 00006000 ca:01 261788                     /home/ubuntu/spark-2.1.1-bin-hadoop2.7/jars/jackson-xc-1.9.13.jar
7f07ded90000-7f07deda6000 r--s 000d1000 ca:01 261585                     /home/ubuntu/spark-2.1.1-bin-hadoop2.7/jars/parquet-column-1.8.1.jar
7f07deda6000-7f07dedcb000 rw-p 00000000 00:00 0 
7f07dedcb000-7f07deed7000 r--s 00dba000 ca:01 261859                     /home/ubuntu/spark-2.1.1-bin-hadoop2.7/jars/scala-compiler-2.11.8.jar
7f07deed7000-7f07deed8000 r--s 00002000 ca:01 261764                     /home/ubuntu/spark-2.1.1-bin-hadoop2.7/jars/jpam-1.1.jar
7f07deed8000-7f07deee7000 r--s 0009f000 ca:01 261734                     /home/ubuntu/spark-2.1.1-bin-hadoop2.7/jars/guice-3.0.jar
7f07deee7000-7f07def00000 r--s 00150000 ca:01 261626                     /home/ubuntu/spark-2.1.1-bin-hadoop2.7/jars/htrace-core-3.1.0-incubating.jar
7f07def00000-7f07def16000 r--s 000d3000 ca:01 261625                     /home/ubuntu/spark-2.1.1-bin-hadoop2.7/jars/jersey-server-2.22.2.jar
7f07def16000-7f07def18000 r--s 00008000 ca:01 261581                     /home/ubuntu/spark-2.1.1-bin-hadoop2.7/jars/parquet-common-1.8.1.jar
7f07def18000-7f07def1a000 r--s 00002000 ca:01 261606                     /home/ubuntu/spark-2.1.1-bin-hadoop2.7/jars/aopalliance-repackaged-2.4.0-b34.jar
7f07def1a000-7f07def1e000 r--s 0003c000 ca:01 261854                     /home/ubuntu/spark-2.1.1-bin-hadoop2.7/jars/jackson-core-2.6.5.jar
7f07def1e000-7f07def29000 r--s 00062000 ca:01 261729                     /home/ubuntu/spark-2.1.1-bin-hadoop2.7/jars/calcite-linq4j-1.2.0-incubating.jar
7f07def29000-7f07def5f000 r--s 0031c000 ca:01 261565                     /home/ubuntu/spark-2.1.1-bin-hadoop2.7/jars/hadoop-common-2.7.3.jar
7f07def5f000-7f07def63000 r--s 0001a000 ca:01 261579                     /home/ubuntu/spark-2.1.1-bin-hadoop2.7/jars/hk2-utils-2.4.0-b34.jar
7f07def63000-7f07def6f000 r--s 000b6000 ca:01 261831                     /home/ubuntu/spark-2.1.1-bin-hadoop2.7/jars/zookeeper-3.4.6.jar
7f07def6f000-7f07def75000 r--s 00040000 ca:01 261709                     /home/ubuntu/spark-2.1.1-bin-hadoop2.7/jars/parquet-encoding-1.8.1.jar
7f07def75000-7f07def7a000 r--s 00036000 ca:01 261574                     /home/ubuntu/spark-2.1.1-bin-hadoop2.7/jars/commons-compress-1.4.1.jar
7f07def7a000-7f07defa7000 r--s 001d4000 ca:01 261863                     /home/ubuntu/spark-2.1.1-bin-hadoop2.7/jars/spark-streaming_2.11-2.1.1.jar
7f07defa7000-7f07defaa000 r--s 00022000 ca:01 261806                     /home/ubuntu/spark-2.1.1-bin-hadoop2.7/jars/stringtemplate-3.2.1.jar
7f07defaa000-7f07defb1000 r--s 00036000 ca:01 261624                     /home/ubuntu/spark-2.1.1-bin-hadoop2.7/jars/curator-recipes-2.6.0.jar
7f07defb1000-7f07defb5000 r--s 00029000 ca:01 261548                     /home/ubuntu/spark-2.1.1-bin-hadoop2.7/jars/breeze-macros_2.11-0.12.jar
7f07defb5000-7f07defb9000 r--s 00036000 ca:01 261851                     /home/ubuntu/spark-2.1.1-bin-hadoop2.7/jars/ST4-4.0.4.jar
7f07defb9000-7f07defbd000 r--s 00018000 ca:01 261584                     /home/ubuntu/spark-2.1.1-bin-hadoop2.7/jars/metrics-core-3.1.2.jar
7f07defbd000-7f07defcb000 r--s 000b1000 ca:01 261754                     /home/ubuntu/spark-2.1.1-bin-hadoop2.7/jars/jackson-mapper-asl-1.9.13.jar
7f07defcb000-7f07defdb000 r--s 000a0000 ca:01 261599                     /home/ubuntu/spark-2.1.1-bin-hadoop2.7/jars/spark-yarn_2.11-2.1.1.jar
7f07defdb000-7f07defdc000 r--s 00003000 ca:01 261590                     /home/ubuntu/spark-2.1.1-bin-hadoop2.7/jars/spark-tags_2.11-2.1.1.jar
7f07defdc000-7f07defee000 r--s 00097000 ca:01 261804                     /home/ubuntu/spark-2.1.1-bin-hadoop2.7/jars/apacheds-kerberos-codec-2.0.0-M15.jar
7f07defee000-7f07deff1000 r--s 00017000 ca:01 261800                     /home/ubuntu/spark-2.1.1-bin-hadoop2.7/jars/jaxb-api-2.2.2.jar
7f07deff1000-7f07deff3000 r--s 00009000 ca:01 261848                     /home/ubuntu/spark-2.1.1-bin-hadoop2.7/jars/objenesis-2.1.jar
7f07deff3000-7f07df05e000 r--s 00784000 ca:01 261535                     /home/ubuntu/spark-2.1.1-bin-hadoop2.7/jars/hadoop-hdfs-2.7.3.jar
7f07df05e000-7f07df060000 r--s 00010000 ca:01 261752                     /home/ubuntu/spark-2.1.1-bin-hadoop2.7/jars/jersey-media-jaxb-2.22.2.jar
7f07df060000-7f07df06d000 r--s 00083000 ca:01 261598                     /home/ubuntu/spark-2.1.1-bin-hadoop2.7/jars/commons-collections-3.2.2.jar
7f07df06d000-7f07df074000 r--s 00051000 ca:01 261542                     /home/ubuntu/spark-2.1.1-bin-hadoop2.7/jars/kryo-shaded-3.0.3.jar
7f07df074000-7f07df0ab000 r--s 00325000 ca:01 261802                     /home/ubuntu/spark-2.1.1-bin-hadoop2.7/jars/calcite-core-1.2.0-incubating.jar
7f07df0ab000-7f07df0ae000 r--s 00012000 ca:01 261602                     /home/ubuntu/spark-2.1.1-bin-hadoop2.7/jars/json4s-ast_2.11-3.2.11.jar
7f07df0ae000-7f07df0b0000 r--s 0000e000 ca:01 261794                     /home/ubuntu/spark-2.1.1-bin-hadoop2.7/jars/commons-logging-1.1.3.jar
7f07df0b0000-7f07df159000 r--s 00a4f000 ca:01 261801                     /home/ubuntu/spark-2.1.1-bin-hadoop2.7/jars/hive-exec-1.2.1.spark2.jar
7f07df159000-7f07df15a000 r--s 0000b000 ca:01 261631                     /home/ubuntu/spark-2.1.1-bin-hadoop2.7/jars/snappy-0.2.jar
7f07df15a000-7f07df15d000 r--s 00028000 ca:01 261541                     /home/ubuntu/spark-2.1.1-bin-hadoop2.7/jars/stream-2.7.0.jar
7f07df15d000-7f07df191000 r--s 00277000 ca:01 261592                     /home/ubuntu/spark-2.1.1-bin-hadoop2.7/jars/parquet-hadoop-bundle-1.6.0.jar
7f07df191000-7f07df195000 r--s 0000c000 ca:01 261617                     /home/ubuntu/spark-2.1.1-bin-hadoop2.7/jars/validation-api-1.1.0.Final.jar
7f07df195000-7f07df1be000 r--s 001ee000 ca:01 261862                     /home/ubuntu/spark-2.1.1-bin-hadoop2.7/jars/guava-14.0.1.jar
7f07df1be000-7f07df1cb000 r--s 00071000 ca:01 261832                     /home/ubuntu/spark-2.1.1-bin-hadoop2.7/jars/jackson-module-scala_2.11-2.6.5.jar
7f07df1cb000-7f07df1e4000 r--s 00114000 ca:01 261577                     /home/ubuntu/spark-2.1.1-bin-hadoop2.7/jars/spark-hive_2.11-2.1.1.jar
7f07df1e4000-7f07df1fc000 r--s 00115000 ca:01 261824                     /home/ubuntu/spark-2.1.1-bin-hadoop2.7/jars/netty-3.8.0.Final.jar
7f07df1fc000-7f07df255000 r--s 00522000 ca:01 261865                     /home/ubuntu/spark-2.1.1-bin-hadoop2.7/jars/scala-library-2.11.8.jar
7f07df255000-7f07df25c000 r--s 00049000 ca:01 261852                     /home/ubuntu/spark-2.1.1-bin-hadoop2.7/jars/univocity-parsers-2.2.1.jar
7f07df25c000-7f07df2a8000 r--s 00411000 ca:01 261857                     /home/ubuntu/spark-2.1.1-bin-hadoop2.7/jars/scala-reflect-2.11.8.jar
7f07df2a8000-7f07df2b6000 r--s 0009d000 ca:01 261614                     /home/ubuntu/spark-2.1.1-bin-hadoop2.7/jars/jersey-common-2.22.2.jar
7f07df2b6000-7f07df2c0000 r--s 000aa000 ca:01 261762                     /home/ubuntu/spark-2.1.1-bin-hadoop2.7/jars/janino-3.0.0.jar
7f07df2c0000-7f07df2c1000 r--s 00008000 ca:01 261844                     /home/ubuntu/spark-2.1.1-bin-hadoop2.7/jars/commons-compiler-3.0.0.jar
7f07df2c1000-7f07df2ca000 r--s 00097000 ca:01 261837                     /home/ubuntu/spark-2.1.1-bin-hadoop2.7/jars/pmml-model-1.2.15.jar
7f07df2ca000-7f07df2cc000 r--s 00005000 ca:01 261741                     /home/ubuntu/spark-2.1.1-bin-hadoop2.7/jars/stax-api-1.0.1.jar
7f07df2cc000-7f07df2d0000 r--s 00035000 ca:01 261597                     /home/ubuntu/spark-2.1.1-bin-hadoop2.7/jars/jackson-core-asl-1.9.13.jar
7f07df2d0000-7f07df2d3000 r--s 00019000 ca:01 261530                     /home/ubuntu/spark-2.1.1-bin-hadoop2.7/jars/bonecp-0.8.0.RELEASE.jar
7f07df2d3000-7f07df2d5000 r--s 00038000 ca:01 261789                     /home/ubuntu/spark-2.1.1-bin-hadoop2.7/jars/lz4-1.3.0.jar
7f07df2d5000-7f07df2ee000 r--s 00164000 ca:01 261738                     /home/ubuntu/spark-2.1.1-bin-hadoop2.7/jars/hadoop-mapreduce-client-core-2.7.3.jar
7f07df2ee000-7f07df2f1000 r--s 00026000 ca:01 261792                     /home/ubuntu/spark-2.1.1-bin-hadoop2.7/jars/hadoop-yarn-client-2.7.3.jar
7f07df2f1000-7f07df2f3000 r--s 00017000 ca:01 261607                     /home/ubuntu/spark-2.1.1-bin-hadoop2.7/jars/hive-jdbc-1.2.1.spark2.jar
7f07df2f3000-7f07df374000 r--s 005d9000 ca:01 261746                     /home/ubuntu/spark-2.1.1-bin-hadoop2.7/jars/spark-sql_2.11-2.1.1.jar
7f07df374000-7f07df375000 r--s 00006000 ca:01 261755                     /home/ubuntu/spark-2.1.1-bin-hadoop2.7/jars/hadoop-client-2.7.3.jar
7f07df375000-7f07df37c000 r--s 00058000 ca:01 261609                     /home/ubuntu/spark-2.1.1-bin-hadoop2.7/jars/hadoop-yarn-server-common-2.7.3.jar
7f07df37c000-7f07df37d000 r--s 0000a000 ca:01 261616                     /home/ubuntu/spark-2.1.1-bin-hadoop2.7/jars/apacheds-i18n-2.0.0-M15.jar
7f07df37d000-7f07df37e000 r--s 00000000 ca:01 261600                     /home/ubuntu/spark-2.1.1-bin-hadoop2.7/jars/javax.inject-1.jar
7f07df37e000-7f07df384000 r--s 00045000 ca:01 261605                     /home/ubuntu/spark-2.1.1-bin-hadoop2.7/jars/commons-httpclient-3.1.jar
7f07df384000-7f07df391000 r--s 000a7000 ca:01 261627                     /home/ubuntu/spark-2.1.1-bin-hadoop2.7/jars/httpclient-4.5.2.jar
7f07df391000-7f07df393000 r--s 0001f000 ca:01 261825                     /home/ubuntu/spark-2.1.1-bin-hadoop2.7/jars/commons-crypto-1.0.0.jar
7f07df393000-7f07df398000 r--s 0002a000 ca:01 261735                     /home/ubuntu/spark-2.1.1-bin-hadoop2.7/jars/gson-2.2.4.jar
7f07df398000-7f07df3d8000 r--s 00277000 ca:01 261767                     /home/ubuntu/spark-2.1.1-bin-hadoop2.7/jars/bcprov-jdk15on-1.51.jar
7f07df3d8000-7f07df3db000 r--s 00016000 ca:01 261593                     /home/ubuntu/spark-2.1.1-bin-hadoop2.7/jars/jsp-api-2.1.jar
7f07df3db000-7f07df3dc000 r--s 00001000 ca:01 261838                     /home/ubuntu/spark-2.1.1-bin-hadoop2.7/jars/javax.inject-2.4.0-b34.jar
7f07df3dc000-7f07df3dd000 r--s 00002000 ca:01 261586                     /home/ubuntu/spark-2.1.1-bin-hadoop2.7/jars/java-xmlbuilder-1.0.jar
7f07df3dd000-7f07df3df000 r--s 00015000 ca:01 261547                     /home/ubuntu/spark-2.1.1-bin-hadoop2.7/jars/hadoop-auth-2.7.3.jar
7f07df3df000-7f07df3e3000 r--s 0002f000 ca:01 261795                     /home/ubuntu/spark-2.1.1-bin-hadoop2.7/jars/commons-beanutils-core-1.8.0.jar
7f07df3e3000-7f07df412000 r--s 002e5000 ca:01 261846                     /home/ubuntu/spark-2.1.1-bin-hadoop2.7/jars/derby-10.12.1.1.jar
7f07df412000-7f07df414000 r--s 00008000 ca:01 261544                     /home/ubuntu/spark-2.1.1-bin-hadoop2.7/jars/metrics-jvm-3.1.2.jar
7f07df414000-7f07df417000 r--s 00015000 ca:01 261723                     /home/ubuntu/spark-2.1.1-bin-hadoop2.7/jars/pyrolite-4.13.jar
7f07df417000-7f07df419000 r--s 0000e000 ca:01 261760                     /home/ubuntu/spark-2.1.1-bin-hadoop2.7/jars/spark-repl_2.11-2.1.1.jar
7f07df419000-7f07df422000 r--s 0006f000 ca:01 261724                     /home/ubuntu/spark-2.1.1-bin-hadoop2.7/jars/log4j-1.2.17.jar
7f07df422000-7f07df426000 r--s 00025000 ca:01 261850                     /home/ubuntu/spark-2.1.1-bin-hadoop2.7/jars/jersey-client-2.22.2.jar
7f07df426000-7f07df42d000 r--s 00058000 ca:01 261589                     /home/ubuntu/spark-2.1.1-bin-hadoop2.7/jars/parquet-format-2.3.0-incubating.jar
7f07df42d000-7f07df42f000 r--s 00003000 ca:01 261615                     /home/ubuntu/spark-2.1.1-bin-hadoop2.7/jars/api-asn1-api-1.0.0-M20.jar
7f07df42f000-7f07df439000 r--s 0007b000 ca:01 261847                     /home/ubuntu/spark-2.1.1-bin-hadoop2.7/jars/hadoop-mapreduce-client-app-2.7.3.jar
7f07df439000-7f07df43c000 r--s 0000e000 ca:01 261575                     /home/ubuntu/spark-2.1.1-bin-hadoop2.7/jars/jersey-container-servlet-core-2.22.2.jar
7f07df43c000-7f07df440000 r--s 00025000 ca:01 261538                     /home/ubuntu/spark-2.1.1-bin-hadoop2.7/jars/antlr-runtime-3.4.jar
7f07df440000-7f07df451000 r--s 00089000 ca:01 261623                     /home/ubuntu/spark-2.1.1-bin-hadoop2.7/jars/joda-time-2.9.3.jar
7f07df451000-7f07df453000 r--s 00005000 ca:01 261743                     /home/ubuntu/spark-2.1.1-bin-hadoop2.7/jars/javax.annotation-api-1.2.jar
7f07df453000-7f07df458000 r--s 00032000 ca:01 261864                     /home/ubuntu/spark-2.1.1-bin-hadoop2.7/jars/chill_2.11-0.8.0.jar
7f07df458000-7f07df463000 r--s 0005d000 ca:01 261853                     /home/ubuntu/spark-2.1.1-bin-hadoop2.7/jars/scala-parser-combinators_2.11-1.0.4.jar
7f07df463000-7f07df475000 r--s 00112000 ca:01 261835                     /home/ubuntu/spark-2.1.1-bin-hadoop2.7/jars/arpack_combined_all-0.1.jar
7f07df475000-7f07df48d000 r--s 000d6000 ca:01 261571                     /home/ubuntu/spark-2.1.1-bin-hadoop2.7/jars/jersey-guava-2.22.2.jar
7f07df48d000-7f07df493000 r--s 0002c000 ca:01 261828                     /home/ubuntu/spark-2.1.1-bin-hadoop2.7/jars/jdo-api-3.0.1.jar
7f07df493000-7f07df49a000 r--s 00046000 ca:01 261797                     /home/ubuntu/spark-2.1.1-bin-hadoop2.7/jars/libfb303-0.9.3.jar
7f07df49a000-7f07df49c000 r--s 00010000 ca:01 261622                     /home/ubuntu/spark-2.1.1-bin-hadoop2.7/jars/hadoop-mapreduce-client-shuffle-2.7.3.jar
7f07df49c000-7f07df49e000 r--s 00000000 ca:01 261836                     /home/ubuntu/spark-2.1.1-bin-hadoop2.7/jars/jul-to-slf4j-1.7.16.jar
7f07df49e000-7f07df4a1000 r--s 00014000 ca:01 261761                     /home/ubuntu/spark-2.1.1-bin-hadoop2.7/jars/super-csv-2.2.0.jar
7f07df4a1000-7f07df4b3000 r--s 000b3000 ca:01 261829                     /home/ubuntu/spark-2.1.1-bin-hadoop2.7/jars/scalap-2.11.8.jar
7f07df4b3000-7f07df4b5000 r--s 00003000 ca:01 261843                     /home/ubuntu/spark-2.1.1-bin-hadoop2.7/jars/base64-2.3.8.jar
7f07df4b5000-7f07df4b7000 r--s 00003000 ca:01 261570                     /home/ubuntu/spark-2.1.1-bin-hadoop2.7/jars/jersey-container-servlet-2.22.2.jar
7f07df4b7000-7f07df4c1000 r--s 000a5000 ca:01 261766                     /home/ubuntu/spark-2.1.1-bin-hadoop2.7/jars/javassist-3.18.1-GA.jar
7f07df4c1000-7f07df4d9000 r--s 00115000 ca:01 261537                     /home/ubuntu/spark-2.1.1-bin-hadoop2.7/jars/xercesImpl-2.9.1.jar
7f07df4d9000-7f07df4dc000 r--s 00021000 ca:01 261596                     /home/ubuntu/spark-2.1.1-bin-hadoop2.7/jars/xbean-asm5-shaded-4.4.jar
7f07df4dc000-7f07df4df000 r--s 00025000 ca:01 261618                     /home/ubuntu/spark-2.1.1-bin-hadoop2.7/jars/commons-dbcp-1.4.jar
7f07df4df000-7f07df506000 r--s 0020f000 ca:01 261726                     /home/ubuntu/spark-2.1.1-bin-hadoop2.7/jars/netty-all-4.0.42.Final.jar
7f07df506000-7f07df509000 r--s 00015000 ca:01 261620                     /home/ubuntu/spark-2.1.1-bin-hadoop2.7/jars/commons-pool-1.5.4.jar
7f07df509000-7f07df55e000 r--s 0069c000 ca:01 261595                     /home/ubuntu/spark-2.1.1-bin-hadoop2.7/jars/spire_2.11-0.7.4.jar
7f07df55e000-7f07df579000 r--s 001d6000 ca:01 286319                     /usr/lib/jvm/java-8-openjdk-amd64/jre/lib/ext/nashorn.jar
7f07df579000-7f07df57a000 ---p 00000000 00:00 0 
7f07df57a000-7f07df67a000 rw-p 00000000 00:00 0 
7f07df67a000-7f07df67d000 ---p 00000000 00:00 0 
7f07df67d000-7f07df77b000 rw-p 00000000 00:00 0 
7f07df77b000-7f07df77e000 ---p 00000000 00:00 0 
7f07df77e000-7f07df87c000 rw-p 00000000 00:00 0 
7f07df87c000-7f07df87f000 ---p 00000000 00:00 0 
7f07df87f000-7f07df97d000 rw-p 00000000 00:00 0 
7f07df97d000-7f07df980000 ---p 00000000 00:00 0 
7f07df980000-7f07dfa7e000 rw-p 00000000 00:00 0 
7f07dfa7e000-7f07dfc16000 r--p 00000000 ca:01 29052                      /usr/lib/locale/locale-archive
7f07dfc16000-7f07dfc19000 ---p 00000000 00:00 0 
7f07dfc19000-7f07dfd17000 rw-p 00000000 00:00 0 
7f07dfd17000-7f07dfd1a000 ---p 00000000 00:00 0 
7f07dfd1a000-7f07dfe18000 rw-p 00000000 00:00 0 
7f07dfe18000-7f07dfe19000 ---p 00000000 00:00 0 
7f07dfe19000-7f07dff19000 rw-p 00000000 00:00 0 
7f07dff19000-7f07e00e9000 r--s 03c5c000 ca:01 286303                     /usr/lib/jvm/java-8-openjdk-amd64/jre/lib/rt.jar
7f07e00e9000-7f07e08e9000 rw-p 00000000 00:00 0 
7f07e08e9000-7f07e093a000 rw-p 00000000 00:00 0 
7f07e093a000-7f07e0a3f000 ---p 00000000 00:00 0 
7f07e0a3f000-7f07e0a68000 rw-p 00000000 00:00 0 
7f07e0a68000-7f07e0ae9000 ---p 00000000 00:00 0 
7f07e0ae9000-7f07e0b3a000 rw-p 00000000 00:00 0 
7f07e0b3a000-7f07e0c3f000 ---p 00000000 00:00 0 
7f07e0c3f000-7f07e0ca4000 rw-p 00000000 00:00 0 
7f07e0ca4000-7f07e1000000 ---p 00000000 00:00 0 
7f07e1000000-7f07e28d0000 rwxp 00000000 00:00 0 
7f07e28d0000-7f07f0000000 ---p 00000000 00:00 0 
7f07f0000000-7f07f0db0000 rw-p 00000000 00:00 0 
7f07f0db0000-7f07f4000000 ---p 00000000 00:00 0 
7f07f4000000-7f07f4002000 r--s 00004000 ca:01 261787                     /home/ubuntu/spark-2.1.1-bin-hadoop2.7/jars/metrics-graphite-3.1.2.jar
7f07f4002000-7f07f4007000 r--s 00027000 ca:01 261861                     /home/ubuntu/spark-2.1.1-bin-hadoop2.7/jars/hk2-api-2.4.0-b34.jar
7f07f4007000-7f07f400d000 r--s 00034000 ca:01 261799                     /home/ubuntu/spark-2.1.1-bin-hadoop2.7/jars/libthrift-0.9.3.jar
7f07f400d000-7f07f4028000 r--s 00394000 ca:01 286322                     /usr/lib/jvm/java-8-openjdk-amd64/jre/lib/ext/cldrdata.jar
7f07f4028000-7f07f409e000 rw-p 00000000 00:00 0 
7f07f409e000-7f07f40a6000 r-xp 00000000 ca:01 286357                     /usr/lib/jvm/java-8-openjdk-amd64/jre/lib/amd64/libzip.so
7f07f40a6000-7f07f42a5000 ---p 00008000 ca:01 286357                     /usr/lib/jvm/java-8-openjdk-amd64/jre/lib/amd64/libzip.so
7f07f42a5000-7f07f42a6000 r--p 00007000 ca:01 286357                     /usr/lib/jvm/java-8-openjdk-amd64/jre/lib/amd64/libzip.so
7f07f42a6000-7f07f42a7000 rw-p 00008000 ca:01 286357                     /usr/lib/jvm/java-8-openjdk-amd64/jre/lib/amd64/libzip.so
7f07f42a7000-7f07f42b2000 r-xp 00000000 ca:01 1993                       /lib/x86_64-linux-gnu/libnss_files-2.23.so
7f07f42b2000-7f07f44b1000 ---p 0000b000 ca:01 1993                       /lib/x86_64-linux-gnu/libnss_files-2.23.so
7f07f44b1000-7f07f44b2000 r--p 0000a000 ca:01 1993                       /lib/x86_64-linux-gnu/libnss_files-2.23.so
7f07f44b2000-7f07f44b3000 rw-p 0000b000 ca:01 1993                       /lib/x86_64-linux-gnu/libnss_files-2.23.so
7f07f44b3000-7f07f44b9000 rw-p 00000000 00:00 0 
7f07f44b9000-7f07f44c4000 r-xp 00000000 ca:01 1997                       /lib/x86_64-linux-gnu/libnss_nis-2.23.so
7f07f44c4000-7f07f46c3000 ---p 0000b000 ca:01 1997                       /lib/x86_64-linux-gnu/libnss_nis-2.23.so
7f07f46c3000-7f07f46c4000 r--p 0000a000 ca:01 1997                       /lib/x86_64-linux-gnu/libnss_nis-2.23.so
7f07f46c4000-7f07f46c5000 rw-p 0000b000 ca:01 1997                       /lib/x86_64-linux-gnu/libnss_nis-2.23.so
7f07f46c5000-7f07f46db000 r-xp 00000000 ca:01 1977                       /lib/x86_64-linux-gnu/libnsl-2.23.so
7f07f46db000-7f07f48da000 ---p 00016000 ca:01 1977                       /lib/x86_64-linux-gnu/libnsl-2.23.so
7f07f48da000-7f07f48db000 r--p 00015000 ca:01 1977                       /lib/x86_64-linux-gnu/libnsl-2.23.so
7f07f48db000-7f07f48dc000 rw-p 00016000 ca:01 1977                       /lib/x86_64-linux-gnu/libnsl-2.23.so
7f07f48dc000-7f07f48de000 rw-p 00000000 00:00 0 
7f07f48de000-7f07f48e6000 r-xp 00000000 ca:01 1988                       /lib/x86_64-linux-gnu/libnss_compat-2.23.so
7f07f48e6000-7f07f4ae5000 ---p 00008000 ca:01 1988                       /lib/x86_64-linux-gnu/libnss_compat-2.23.so
7f07f4ae5000-7f07f4ae6000 r--p 00007000 ca:01 1988                       /lib/x86_64-linux-gnu/libnss_compat-2.23.so
7f07f4ae6000-7f07f4ae7000 rw-p 00008000 ca:01 1988                       /lib/x86_64-linux-gnu/libnss_compat-2.23.so
7f07f4ae7000-7f07f4b10000 r-xp 00000000 ca:01 286342                     /usr/lib/jvm/java-8-openjdk-amd64/jre/lib/amd64/libjava.so
7f07f4b10000-7f07f4d0f000 ---p 00029000 ca:01 286342                     /usr/lib/jvm/java-8-openjdk-amd64/jre/lib/amd64/libjava.so
7f07f4d0f000-7f07f4d10000 r--p 00028000 ca:01 286342                     /usr/lib/jvm/java-8-openjdk-amd64/jre/lib/amd64/libjava.so
7f07f4d10000-7f07f4d12000 rw-p 00029000 ca:01 286342                     /usr/lib/jvm/java-8-openjdk-amd64/jre/lib/amd64/libjava.so
7f07f4d12000-7f07f4d21000 r-xp 00000000 ca:01 286359                     /usr/lib/jvm/java-8-openjdk-amd64/jre/lib/amd64/libverify.so
7f07f4d21000-7f07f4f20000 ---p 0000f000 ca:01 286359                     /usr/lib/jvm/java-8-openjdk-amd64/jre/lib/amd64/libverify.so
7f07f4f20000-7f07f4f22000 r--p 0000e000 ca:01 286359                     /usr/lib/jvm/java-8-openjdk-amd64/jre/lib/amd64/libverify.so
7f07f4f22000-7f07f4f23000 rw-p 00010000 ca:01 286359                     /usr/lib/jvm/java-8-openjdk-amd64/jre/lib/amd64/libverify.so
7f07f4f23000-7f07f4f2a000 r-xp 00000000 ca:01 1998                       /lib/x86_64-linux-gnu/librt-2.23.so
7f07f4f2a000-7f07f5129000 ---p 00007000 ca:01 1998                       /lib/x86_64-linux-gnu/librt-2.23.so
7f07f5129000-7f07f512a000 r--p 00006000 ca:01 1998                       /lib/x86_64-linux-gnu/librt-2.23.so
7f07f512a000-7f07f512b000 rw-p 00007000 ca:01 1998                       /lib/x86_64-linux-gnu/librt-2.23.so
7f07f512b000-7f07f5141000 r-xp 00000000 ca:01 1975                       /lib/x86_64-linux-gnu/libgcc_s.so.1
7f07f5141000-7f07f5340000 ---p 00016000 ca:01 1975                       /lib/x86_64-linux-gnu/libgcc_s.so.1
7f07f5340000-7f07f5341000 rw-p 00015000 ca:01 1975                       /lib/x86_64-linux-gnu/libgcc_s.so.1
7f07f5341000-7f07f5449000 r-xp 00000000 ca:01 1976                       /lib/x86_64-linux-gnu/libm-2.23.so
7f07f5449000-7f07f5648000 ---p 00108000 ca:01 1976                       /lib/x86_64-linux-gnu/libm-2.23.so
7f07f5648000-7f07f5649000 r--p 00107000 ca:01 1976                       /lib/x86_64-linux-gnu/libm-2.23.so
7f07f5649000-7f07f564a000 rw-p 00108000 ca:01 1976                       /lib/x86_64-linux-gnu/libm-2.23.so
7f07f564a000-7f07f57bc000 r-xp 00000000 ca:01 7979                       /usr/lib/x86_64-linux-gnu/libstdc++.so.6.0.21
7f07f57bc000-7f07f59bc000 ---p 00172000 ca:01 7979                       /usr/lib/x86_64-linux-gnu/libstdc++.so.6.0.21
7f07f59bc000-7f07f59c6000 r--p 00172000 ca:01 7979                       /usr/lib/x86_64-linux-gnu/libstdc++.so.6.0.21
7f07f59c6000-7f07f59c8000 rw-p 0017c000 ca:01 7979                       /usr/lib/x86_64-linux-gnu/libstdc++.so.6.0.21
7f07f59c8000-7f07f59cc000 rw-p 00000000 00:00 0 
7f07f59cc000-7f07f6630000 r-xp 00000000 ca:01 286369                     /usr/lib/jvm/java-8-openjdk-amd64/jre/lib/amd64/server/libjvm.so
7f07f6630000-7f07f682f000 ---p 00c64000 ca:01 286369                     /usr/lib/jvm/java-8-openjdk-amd64/jre/lib/amd64/server/libjvm.so
7f07f682f000-7f07f68c3000 r--p 00c63000 ca:01 286369                     /usr/lib/jvm/java-8-openjdk-amd64/jre/lib/amd64/server/libjvm.so
7f07f68c3000-7f07f68ec000 rw-p 00cf7000 ca:01 286369                     /usr/lib/jvm/java-8-openjdk-amd64/jre/lib/amd64/server/libjvm.so
7f07f68ec000-7f07f691c000 rw-p 00000000 00:00 0 
7f07f691c000-7f07f6934000 r-xp 00000000 ca:01 1979                       /lib/x86_64-linux-gnu/libpthread-2.23.so
7f07f6934000-7f07f6b33000 ---p 00018000 ca:01 1979                       /lib/x86_64-linux-gnu/libpthread-2.23.so
7f07f6b33000-7f07f6b34000 r--p 00017000 ca:01 1979                       /lib/x86_64-linux-gnu/libpthread-2.23.so
7f07f6b34000-7f07f6b35000 rw-p 00018000 ca:01 1979                       /lib/x86_64-linux-gnu/libpthread-2.23.so
7f07f6b35000-7f07f6b39000 rw-p 00000000 00:00 0 
7f07f6b39000-7f07f6b3c000 r-xp 00000000 ca:01 1982                       /lib/x86_64-linux-gnu/libdl-2.23.so
7f07f6b3c000-7f07f6d3b000 ---p 00003000 ca:01 1982                       /lib/x86_64-linux-gnu/libdl-2.23.so
7f07f6d3b000-7f07f6d3c000 r--p 00002000 ca:01 1982                       /lib/x86_64-linux-gnu/libdl-2.23.so
7f07f6d3c000-7f07f6d3d000 rw-p 00003000 ca:01 1982                       /lib/x86_64-linux-gnu/libdl-2.23.so
7f07f6d3d000-7f07f6d56000 r-xp 00000000 ca:01 2129                       /lib/x86_64-linux-gnu/libz.so.1.2.8
7f07f6d56000-7f07f6f55000 ---p 00019000 ca:01 2129                       /lib/x86_64-linux-gnu/libz.so.1.2.8
7f07f6f55000-7f07f6f56000 r--p 00018000 ca:01 2129                       /lib/x86_64-linux-gnu/libz.so.1.2.8
7f07f6f56000-7f07f6f57000 rw-p 00019000 ca:01 2129                       /lib/x86_64-linux-gnu/libz.so.1.2.8
7f07f6f57000-7f07f7117000 r-xp 00000000 ca:01 1980                       /lib/x86_64-linux-gnu/libc-2.23.so
7f07f7117000-7f07f7317000 ---p 001c0000 ca:01 1980                       /lib/x86_64-linux-gnu/libc-2.23.so
7f07f7317000-7f07f731b000 r--p 001c0000 ca:01 1980                       /lib/x86_64-linux-gnu/libc-2.23.so
7f07f731b000-7f07f731d000 rw-p 001c4000 ca:01 1980                       /lib/x86_64-linux-gnu/libc-2.23.so
7f07f731d000-7f07f7321000 rw-p 00000000 00:00 0 
7f07f7321000-7f07f732e000 r-xp 00000000 ca:01 286351                     /usr/lib/jvm/java-8-openjdk-amd64/jre/lib/amd64/jli/libjli.so
7f07f732e000-7f07f752d000 ---p 0000d000 ca:01 286351                     /usr/lib/jvm/java-8-openjdk-amd64/jre/lib/amd64/jli/libjli.so
7f07f752d000-7f07f752e000 r--p 0000c000 ca:01 286351                     /usr/lib/jvm/java-8-openjdk-amd64/jre/lib/amd64/jli/libjli.so
7f07f752e000-7f07f752f000 rw-p 0000d000 ca:01 286351                     /usr/lib/jvm/java-8-openjdk-amd64/jre/lib/amd64/jli/libjli.so
7f07f752f000-7f07f7555000 r-xp 00000000 ca:01 1978                       /lib/x86_64-linux-gnu/ld-2.23.so
7f07f7555000-7f07f7556000 r--s 00009000 ca:01 261534                     /home/ubuntu/spark-2.1.1-bin-hadoop2.7/jars/hadoop-annotations-2.7.3.jar
7f07f7556000-7f07f7557000 r--s 00003000 ca:01 261827                     /home/ubuntu/spark-2.1.1-bin-hadoop2.7/jars/metrics-json-3.1.2.jar
7f07f7557000-7f07f7559000 r--s 0000f000 ca:01 261715                     /home/ubuntu/spark-2.1.1-bin-hadoop2.7/jars/curator-client-2.6.0.jar
7f07f7559000-7f07f755c000 r--s 0000f000 ca:01 286318                     /usr/lib/jvm/java-8-openjdk-amd64/jre/lib/ext/icedtea-sound.jar
7f07f755c000-7f07f755d000 r--s 00010000 ca:01 286325                     /usr/lib/jvm/java-8-openjdk-amd64/jre/lib/ext/zipfs.jar
7f07f755d000-7f07f7560000 r--s 00039000 ca:01 286321                     /usr/lib/jvm/java-8-openjdk-amd64/jre/lib/ext/sunpkcs11.jar
7f07f7560000-7f07f7561000 r--s 0000a000 ca:01 286320                     /usr/lib/jvm/java-8-openjdk-amd64/jre/lib/ext/jaccess.jar
7f07f7561000-7f07f7563000 r--s 00001000 ca:01 286323                     /usr/lib/jvm/java-8-openjdk-amd64/jre/lib/ext/dnsns.jar
7f07f7563000-7f07f756d000 r--s 00116000 ca:01 286326                     /usr/lib/jvm/java-8-openjdk-amd64/jre/lib/ext/localedata.jar
7f07f756d000-7f07f763e000 rw-p 00000000 00:00 0 
7f07f763e000-7f07f7646000 rw-s 00000000 ca:01 563858                     /tmp/hsperfdata_ubuntu/11913
7f07f7646000-7f07f7649000 ---p 00000000 00:00 0 
7f07f7649000-7f07f774b000 rw-p 00000000 00:00 0 
7f07f774b000-7f07f7750000 r--s 0003c000 ca:01 286324                     /usr/lib/jvm/java-8-openjdk-amd64/jre/lib/ext/sunjce_provider.jar
7f07f7750000-7f07f7751000 r--s 0000d000 ca:01 286317                     /usr/lib/jvm/java-8-openjdk-amd64/jre/lib/ext/sunec.jar
7f07f7751000-7f07f7752000 rw-p 00000000 00:00 0 
7f07f7752000-7f07f7753000 ---p 00000000 00:00 0 
7f07f7753000-7f07f7754000 rw-p 00000000 00:00 0 
7f07f7754000-7f07f7755000 r--p 00025000 ca:01 1978                       /lib/x86_64-linux-gnu/ld-2.23.so
7f07f7755000-7f07f7756000 rw-p 00026000 ca:01 1978                       /lib/x86_64-linux-gnu/ld-2.23.so
7f07f7756000-7f07f7757000 rw-p 00000000 00:00 0 
7fff4504a000-7fff4506b000 rw-p 00000000 00:00 0                          [stack]
7fff451dc000-7fff451df000 r--p 00000000 00:00 0                          [vvar]
7fff451df000-7fff451e1000 r-xp 00000000 00:00 0                          [vdso]
ffffffffff600000-ffffffffff601000 r-xp 00000000 00:00 0                  [vsyscall]

VM Arguments:
jvm_args: -Xmx1g 
java_command: org.apache.spark.deploy.SparkSubmit --conf spark.app.name=logistic_regression_churn pyspark-shell
java_class_path (initial): /home/ubuntu/spark-2.1.1-bin-hadoop2.7/conf/:/home/ubuntu/spark-2.1.1-bin-hadoop2.7/jars/libthrift-0.9.3.jar:/home/ubuntu/spark-2.1.1-bin-hadoop2.7/jars/curator-client-2.6.0.jar:/home/ubuntu/spark-2.1.1-bin-hadoop2.7/jars/hk2-api-2.4.0-b34.jar:/home/ubuntu/spark-2.1.1-bin-hadoop2.7/jars/metrics-json-3.1.2.jar:/home/ubuntu/spark-2.1.1-bin-hadoop2.7/jars/metrics-graphite-3.1.2.jar:/home/ubuntu/spark-2.1.1-bin-hadoop2.7/jars/spire_2.11-0.7.4.jar:/home/ubuntu/spark-2.1.1-bin-hadoop2.7/jars/commons-pool-1.5.4.jar:/home/ubuntu/spark-2.1.1-bin-hadoop2.7/jars/netty-all-4.0.42.Final.jar:/home/ubuntu/spark-2.1.1-bin-hadoop2.7/jars/commons-dbcp-1.4.jar:/home/ubuntu/spark-2.1.1-bin-hadoop2.7/jars/xbean-asm5-shaded-4.4.jar:/home/ubuntu/spark-2.1.1-bin-hadoop2.7/jars/xercesImpl-2.9.1.jar:/home/ubuntu/spark-2.1.1-bin-hadoop2.7/jars/hadoop-annotations-2.7.3.jar:/home/ubuntu/spark-2.1.1-bin-hadoop2.7/jars/javassist-3.18.1-GA.jar:/home/ubuntu/spark-2.1.1-bin-hadoop2.7/jars/jersey-container-servlet-2.22.2.jar:/home/ubuntu/spark-2.1.1-bin-hadoop2.7/jars/base64-2.3.8.jar:/home/ubuntu/spark-2.1.1-bin-hadoop2.7/jars/scalap-2.11.8.jar:/home/ubuntu/spark-2.1.1-bin-hadoop2.7/jars/super-csv-2.2.0.jar:/home/ubuntu/spark-2.1.1-bin-hadoop2.7/jars/jul-to-slf4j-1.7.16.jar:/home/ubuntu/spark-2.1.1-bin-hadoop2.7/jars/hadoop-mapreduce-client-shuffle-2.7.3.jar:/home/ubuntu/spark-2.1.1-bin-hadoop2.7/jars/libfb303-0.9.3.jar:/home/ubuntu/spark-2.1.1-bin-hadoop2.7/jars/jdo-api-3.0.1.jar:/home/ubuntu/spark-2.1.1-bin-hadoop2.7/jars/jersey-guava-2.22.2.jar:/home/ubuntu/spark-2.1.1-bin-hadoop2.7/jars/arpack_combined_all-0.1.jar:/home/ubuntu/spark-2.1.1-bin-hadoop2.7/jars/scala-parser-combinators_2.11-1.0.4.jar:/home/ubuntu/spark-2.1.1-bin-hadoop2.7/jars/chill_2.11-0.8.0.jar:/home/ubuntu/spark-2.1.1-bin-hadoop2.7/jars/javax.annotation-api-1.2.jar:/home/ubuntu/spark-2.1.1-bin-hadoop2.7/jars/joda-time-2.9.3.jar:/home/ubuntu/spark-2.1.1-bin-hadoop2.7/jars/antlr-runtime-3.4.jar:/home/u
Launcher Type: SUN_STANDARD

Environment Variables:
PATH=/home/ubuntu/.local/bin:/home/ubuntu/bin:/home/ubuntu/.local/bin:/usr/local/sbin:/usr/local/bin:/usr/sbin:/usr/bin:/sbin:/bin:/usr/games:/usr/local/games:/snap/bin
SHELL=/bin/bash

Signal Handlers:
SIGSEGV: [libjvm.so+0xa783e0], sa_mask[0]=11111111011111111101111111111110, sa_flags=SA_RESTART|SA_SIGINFO
SIGBUS: [libjvm.so+0xa783e0], sa_mask[0]=11111111011111111101111111111110, sa_flags=SA_RESTART|SA_SIGINFO
SIGFPE: [libjvm.so+0x8c0e10], sa_mask[0]=11111111011111111101111111111110, sa_flags=SA_RESTART|SA_SIGINFO
SIGPIPE: [libjvm.so+0x8c0e10], sa_mask[0]=11111111011111111101111111111110, sa_flags=SA_RESTART|SA_SIGINFO
SIGXFSZ: [libjvm.so+0x8c0e10], sa_mask[0]=11111111011111111101111111111110, sa_flags=SA_RESTART|SA_SIGINFO
SIGILL: [libjvm.so+0x8c0e10], sa_mask[0]=11111111011111111101111111111110, sa_flags=SA_RESTART|SA_SIGINFO
SIGUSR1: SIG_DFL, sa_mask[0]=00000000000000000000000000000000, sa_flags=none
SIGUSR2: [libjvm.so+0x8c0cc0], sa_mask[0]=00000000000000000000000000000000, sa_flags=SA_RESTART|SA_SIGINFO
SIGHUP: [libjvm.so+0x8c1350], sa_mask[0]=11111111011111111101111111111110, sa_flags=SA_RESTART|SA_SIGINFO
SIGINT: SIG_IGN, sa_mask[0]=00000000000000000000000000000000, sa_flags=none
SIGTERM: [libjvm.so+0x8c1350], sa_mask[0]=11111111011111111101111111111110, sa_flags=SA_RESTART|SA_SIGINFO
SIGQUIT: [libjvm.so+0x8c1350], sa_mask[0]=11111111011111111101111111111110, sa_flags=SA_RESTART|SA_SIGINFO


---------------  S Y S T E M  ---------------

OS:DISTRIB_ID=Ubuntu
DISTRIB_RELEASE=16.04
DISTRIB_CODENAME=xenial
DISTRIB_DESCRIPTION="Ubuntu 16.04.4 LTS"

uname:Linux 4.4.0-1095-aws #106-Ubuntu SMP Wed Sep 18 13:33:48 UTC 2019 x86_64
libc:glibc 2.23 NPTL 2.23 
rlimit: STACK 8192k, CORE 0k, NPROC 3900, NOFILE 1048576, AS infinity
load average:0.00 0.00 0.00

/proc/meminfo:
MemTotal:        1014380 kB
MemFree:           60288 kB
MemAvailable:       2096 kB
Buffers:             288 kB
Cached:            11432 kB
SwapCached:            0 kB
Active:           880612 kB
Inactive:           8492 kB
Active(anon):     880188 kB
Inactive(anon):     3988 kB
Active(file):        424 kB
Inactive(file):     4504 kB
Unevictable:        3652 kB
Mlocked:            3652 kB
SwapTotal:             0 kB
SwapFree:              0 kB
Dirty:               132 kB
Writeback:             0 kB
AnonPages:        881084 kB
Mapped:             5388 kB
Shmem:              4320 kB
Slab:              37980 kB
SReclaimable:      21508 kB
SUnreclaim:        16472 kB
KernelStack:        4160 kB
PageTables:         6100 kB
NFS_Unstable:          0 kB
Bounce:                0 kB
WritebackTmp:          0 kB
CommitLimit:      507188 kB
Committed_AS:    1389344 kB
VmallocTotal:   34359738367 kB
VmallocUsed:           0 kB
VmallocChunk:          0 kB
HardwareCorrupted:     0 kB
AnonHugePages:         0 kB
CmaTotal:              0 kB
CmaFree:               0 kB
HugePages_Total:       0
HugePages_Free:        0
HugePages_Rsvd:        0
HugePages_Surp:        0
Hugepagesize:       2048 kB
DirectMap4k:       40960 kB
DirectMap2M:     1007616 kB

container (cgroup) information:
container_type: cgroupv1
cpu_cpuset_cpus: 0
cpu_memory_nodes: 0
active_processor_count: 1
cpu_quota: -1
cpu_period: 100000
cpu_shares: -1
memory_limit_in_bytes: -1
memory_and_swap_limit_in_bytes: -2
memory_soft_limit_in_bytes: -1
memory_usage_in_bytes: 889991168
memory_max_usage_in_bytes: 905318400


CPU:total 1 (initial active 1) (1 cores per cpu, 1 threads per core) family 6 model 63 stepping 2, cmov, cx8, fxsr, mmx, sse, sse2, sse3, ssse3, sse4.1, sse4.2, popcnt, avx, avx2, aes, clmul, erms, lzcnt, tsc, bmi1, bmi2

/proc/cpuinfo:
processor	: 0
vendor_id	: GenuineIntel
cpu family	: 6
model		: 63
model name	: Intel(R) Xeon(R) CPU E5-2676 v3 @ 2.40GHz
stepping	: 2
microcode	: 0x43
cpu MHz		: 2400.048
cache size	: 30720 KB
physical id	: 0
siblings	: 1
core id		: 0
cpu cores	: 1
apicid		: 0
initial apicid	: 0
fpu		: yes
fpu_exception	: yes
cpuid level	: 13
wp		: yes
flags		: fpu vme de pse tsc msr pae mce cx8 apic sep mtrr pge mca cmov pat pse36 clflush mmx fxsr sse sse2 ht syscall nx rdtscp lm constant_tsc rep_good nopl xtopology pni pclmulqdq ssse3 fma cx16 pcid sse4_1 sse4_2 x2apic movbe popcnt tsc_deadline_timer aes xsave avx f16c rdrand hypervisor lahf_lm abm invpcid_single kaiser fsgsbase bmi1 avx2 smep bmi2 erms invpcid xsaveopt
bugs		: cpu_meltdown spectre_v1 spectre_v2 spec_store_bypass l1tf mds swapgs
bogomips	: 4800.09
clflush size	: 64
cache_alignment	: 64
address sizes	: 46 bits physical, 48 bits virtual
power management:



Memory: 4k page, physical 1014380k(63884k free), swap 0k(0k free)

vm_info: OpenJDK 64-Bit Server VM (25.222-b10) for linux-amd64 JRE (1.8.0_222-8u222-b10-1ubuntu1~16.04.1-b10), built on Jul 18 2019 20:25:18 by "buildd" with gcc 5.4.0 20160609

time: Sat Oct 26 06:38:55 2019
timezone: UTC
elapsed time: 2488 seconds (0d 0h 41m 28s)

